{"/home/travis/build/npmtest/node-npmtest-angular-ui-router/test.js":{"path":"/home/travis/build/npmtest/node-npmtest-angular-ui-router/test.js","s":{"1":1,"2":1,"3":1,"4":1,"5":1,"6":1,"7":1,"8":1,"9":1,"10":1,"11":0,"12":0,"13":1,"14":1,"15":1,"16":1,"17":1,"18":1,"19":0,"20":1,"21":1,"22":1,"23":1,"24":0,"25":0,"26":1,"27":0,"28":0,"29":1,"30":0,"31":0,"32":0,"33":0,"34":0,"35":0,"36":1,"37":0,"38":0,"39":1,"40":0,"41":0,"42":1,"43":0,"44":0,"45":1,"46":0,"47":0,"48":1,"49":0,"50":0,"51":1,"52":1},"b":{"1":[1,0,0,0],"2":[1,1,1,1],"3":[0,1],"4":[0,1],"5":[0,0],"6":[1,1],"7":[0,1],"8":[0,1],"9":[0,0,0],"10":[1,1],"11":[1,1],"12":[1,1],"13":[1,1],"14":[1,1],"15":[1,1],"16":[1,1]},"f":{"1":1,"2":1,"3":1,"4":1,"5":1,"6":0,"7":0,"8":0,"9":0,"10":0,"11":0,"12":0},"fnMap":{"1":{"name":"(anonymous_1)","line":12,"loc":{"start":{"line":12,"column":1},"end":{"line":12,"column":13}}},"2":{"name":"(anonymous_2)","line":19,"loc":{"start":{"line":19,"column":5},"end":{"line":19,"column":17}}},"3":{"name":"(anonymous_3)","line":23,"loc":{"start":{"line":23,"column":24},"end":{"line":23,"column":36}}},"4":{"name":"(anonymous_4)","line":61,"loc":{"start":{"line":61,"column":5},"end":{"line":61,"column":17}}},"5":{"name":"(anonymous_5)","line":82,"loc":{"start":{"line":82,"column":5},"end":{"line":82,"column":17}}},"6":{"name":"(anonymous_6)","line":102,"loc":{"start":{"line":102,"column":83},"end":{"line":105,"column":10}},"skip":true},"7":{"name":"(anonymous_7)","line":113,"loc":{"start":{"line":113,"column":77},"end":{"line":116,"column":10}},"skip":true},"8":{"name":"(anonymous_8)","line":129,"loc":{"start":{"line":129,"column":12},"end":{"line":129,"column":40}},"skip":true},"9":{"name":"(anonymous_9)","line":137,"loc":{"start":{"line":137,"column":77},"end":{"line":140,"column":10}},"skip":true},"10":{"name":"(anonymous_10)","line":148,"loc":{"start":{"line":148,"column":83},"end":{"line":151,"column":10}},"skip":true},"11":{"name":"(anonymous_11)","line":159,"loc":{"start":{"line":159,"column":79},"end":{"line":162,"column":10}},"skip":true},"12":{"name":"(anonymous_12)","line":170,"loc":{"start":{"line":170,"column":75},"end":{"line":173,"column":10}},"skip":true}},"statementMap":{"1":{"start":{"line":12,"column":0},"end":{"line":185,"column":5}},"2":{"start":{"line":14,"column":4},"end":{"line":14,"column":14}},"3":{"start":{"line":19,"column":4},"end":{"line":56,"column":9}},"4":{"start":{"line":21,"column":8},"end":{"line":21,"column":19}},"5":{"start":{"line":23,"column":8},"end":{"line":35,"column":13}},"6":{"start":{"line":24,"column":12},"end":{"line":34,"column":13}},"7":{"start":{"line":25,"column":16},"end":{"line":28,"column":30}},"8":{"start":{"line":30,"column":16},"end":{"line":33,"column":27}},"9":{"start":{"line":37,"column":8},"end":{"line":39,"column":21}},"10":{"start":{"line":40,"column":8},"end":{"line":53,"column":9}},"11":{"start":{"line":43,"column":12},"end":{"line":46,"column":14}},"12":{"start":{"line":47,"column":12},"end":{"line":47,"column":18}},"13":{"start":{"line":50,"column":12},"end":{"line":51,"column":46}},"14":{"start":{"line":52,"column":12},"end":{"line":52,"column":18}},"15":{"start":{"line":55,"column":8},"end":{"line":55,"column":35}},"16":{"start":{"line":61,"column":4},"end":{"line":63,"column":9}},"17":{"start":{"line":62,"column":8},"end":{"line":62,"column":15}},"18":{"start":{"line":64,"column":4},"end":{"line":77,"column":5}},"19":{"start":{"line":70,"column":8},"end":{"line":70,"column":14}},"20":{"start":{"line":76,"column":8},"end":{"line":76,"column":14}},"21":{"start":{"line":82,"column":4},"end":{"line":84,"column":9}},"22":{"start":{"line":83,"column":8},"end":{"line":83,"column":15}},"23":{"start":{"line":85,"column":4},"end":{"line":184,"column":5}},"24":{"start":{"line":92,"column":8},"end":{"line":94,"column":63}},"25":{"start":{"line":95,"column":8},"end":{"line":95,"column":14}},"26":{"start":{"line":102,"column":8},"end":{"line":111,"column":10},"skip":true},"27":{"start":{"line":109,"column":12},"end":{"line":109,"column":55},"skip":true},"28":{"start":{"line":110,"column":12},"end":{"line":110,"column":48},"skip":true},"29":{"start":{"line":113,"column":8},"end":{"line":126,"column":10},"skip":true},"30":{"start":{"line":120,"column":12},"end":{"line":120,"column":76},"skip":true},"31":{"start":{"line":121,"column":12},"end":{"line":121,"column":73},"skip":true},"32":{"start":{"line":122,"column":12},"end":{"line":122,"column":74},"skip":true},"33":{"start":{"line":123,"column":12},"end":{"line":123,"column":79},"skip":true},"34":{"start":{"line":124,"column":12},"end":{"line":124,"column":25},"skip":true},"35":{"start":{"line":125,"column":12},"end":{"line":125,"column":45},"skip":true},"36":{"start":{"line":128,"column":8},"end":{"line":135,"column":14},"skip":true},"37":{"start":{"line":133,"column":16},"end":{"line":133,"column":29},"skip":true},"38":{"start":{"line":134,"column":16},"end":{"line":134,"column":55},"skip":true},"39":{"start":{"line":137,"column":8},"end":{"line":146,"column":10},"skip":true},"40":{"start":{"line":144,"column":12},"end":{"line":144,"column":25},"skip":true},"41":{"start":{"line":145,"column":12},"end":{"line":145,"column":45},"skip":true},"42":{"start":{"line":148,"column":8},"end":{"line":157,"column":10},"skip":true},"43":{"start":{"line":155,"column":12},"end":{"line":155,"column":25},"skip":true},"44":{"start":{"line":156,"column":12},"end":{"line":156,"column":48},"skip":true},"45":{"start":{"line":159,"column":8},"end":{"line":168,"column":10},"skip":true},"46":{"start":{"line":166,"column":12},"end":{"line":166,"column":25},"skip":true},"47":{"start":{"line":167,"column":12},"end":{"line":167,"column":46},"skip":true},"48":{"start":{"line":170,"column":8},"end":{"line":179,"column":10},"skip":true},"49":{"start":{"line":177,"column":12},"end":{"line":177,"column":94},"skip":true},"50":{"start":{"line":178,"column":12},"end":{"line":178,"column":48},"skip":true},"51":{"start":{"line":182,"column":8},"end":{"line":182,"column":35},"skip":true},"52":{"start":{"line":183,"column":8},"end":{"line":183,"column":14},"skip":true}},"branchMap":{"1":{"line":25,"type":"binary-expr","locations":[{"start":{"line":25,"column":23},"end":{"line":25,"column":62}},{"start":{"line":26,"column":20},"end":{"line":26,"column":70}},{"start":{"line":27,"column":20},"end":{"line":27,"column":71}},{"start":{"line":28,"column":20},"end":{"line":28,"column":29}}]},"2":{"line":30,"type":"binary-expr","locations":[{"start":{"line":30,"column":23},"end":{"line":30,"column":37}},{"start":{"line":31,"column":20},"end":{"line":31,"column":61}},{"start":{"line":32,"column":20},"end":{"line":32,"column":70}},{"start":{"line":33,"column":20},"end":{"line":33,"column":26}}]},"3":{"line":37,"type":"cond-expr","locations":[{"start":{"line":38,"column":14},"end":{"line":38,"column":20}},{"start":{"line":39,"column":14},"end":{"line":39,"column":20}}]},"4":{"line":40,"type":"switch","locations":[{"start":{"line":42,"column":8},"end":{"line":47,"column":18}},{"start":{"line":49,"column":8},"end":{"line":52,"column":18}}]},"5":{"line":44,"type":"binary-expr","locations":[{"start":{"line":44,"column":16},"end":{"line":44,"column":44}},{"start":{"line":44,"column":48},"end":{"line":44,"column":66}}]},"6":{"line":50,"type":"binary-expr","locations":[{"start":{"line":50,"column":21},"end":{"line":50,"column":49}},{"start":{"line":50,"column":53},"end":{"line":50,"column":72}}]},"7":{"line":64,"type":"switch","locations":[{"start":{"line":69,"column":4},"end":{"line":70,"column":14}},{"start":{"line":75,"column":4},"end":{"line":76,"column":14}}]},"8":{"line":85,"type":"switch","locations":[{"start":{"line":90,"column":4},"end":{"line":95,"column":14}},{"start":{"line":101,"column":4},"end":{"line":183,"column":14},"skip":true}]},"9":{"line":92,"type":"binary-expr","locations":[{"start":{"line":92,"column":18},"end":{"line":92,"column":32}},{"start":{"line":93,"column":12},"end":{"line":93,"column":53}},{"start":{"line":94,"column":12},"end":{"line":94,"column":61}}]},"10":{"line":102,"type":"binary-expr","locations":[{"start":{"line":102,"column":45},"end":{"line":102,"column":79},"skip":true},{"start":{"line":102,"column":83},"end":{"line":111,"column":9},"skip":true}]},"11":{"line":113,"type":"binary-expr","locations":[{"start":{"line":113,"column":42},"end":{"line":113,"column":73},"skip":true},{"start":{"line":113,"column":77},"end":{"line":126,"column":9},"skip":true}]},"12":{"line":128,"type":"binary-expr","locations":[{"start":{"line":128,"column":48},"end":{"line":128,"column":85},"skip":true},{"start":{"line":129,"column":12},"end":{"line":135,"column":13},"skip":true}]},"13":{"line":137,"type":"binary-expr","locations":[{"start":{"line":137,"column":42},"end":{"line":137,"column":73},"skip":true},{"start":{"line":137,"column":77},"end":{"line":146,"column":9},"skip":true}]},"14":{"line":148,"type":"binary-expr","locations":[{"start":{"line":148,"column":45},"end":{"line":148,"column":79},"skip":true},{"start":{"line":148,"column":83},"end":{"line":157,"column":9},"skip":true}]},"15":{"line":159,"type":"binary-expr","locations":[{"start":{"line":159,"column":43},"end":{"line":159,"column":75},"skip":true},{"start":{"line":159,"column":79},"end":{"line":168,"column":9},"skip":true}]},"16":{"line":170,"type":"binary-expr","locations":[{"start":{"line":170,"column":41},"end":{"line":170,"column":71},"skip":true},{"start":{"line":170,"column":75},"end":{"line":179,"column":9},"skip":true}]}},"code":["/* istanbul instrument in package npmtest_angular_ui_router */","/*jslint","    bitwise: true,","    browser: true,","    maxerr: 8,","    maxlen: 96,","    node: true,","    nomen: true,","    regexp: true,","    stupid: true","*/","(function () {","    'use strict';","    var local;","","","","    // run shared js-env code - pre-init","    (function () {","        // init local","        local = {};","        // init modeJs","        local.modeJs = (function () {","            try {","                return typeof navigator.userAgent === 'string' &&","                    typeof document.querySelector('body') === 'object' &&","                    typeof XMLHttpRequest.prototype.open === 'function' &&","                    'browser';","            } catch (errorCaughtBrowser) {","                return module.exports &&","                    typeof process.versions.node === 'string' &&","                    typeof require('http').createServer === 'function' &&","                    'node';","            }","        }());","        // init global","        local.global = local.modeJs === 'browser'","            ? window","            : global;","        switch (local.modeJs) {","        // re-init local from window.local","        case 'browser':","            local = local.global.utility2.objectSetDefault(","                local.global.utility2_rollup || local.global.local,","                local.global.utility2","            );","            break;","        // re-init local from example.js","        case 'node':","            local = (local.global.utility2_rollup || require('utility2'))","                .requireExampleJsFromReadme();","            break;","        }","        // export local","        local.global.local = local;","    }());","","","","    // run shared js-env code - function","    (function () {","        return;","    }());","    switch (local.modeJs) {","","","","    // run browser js-env code - function","    case 'browser':","        break;","","","","    // run node js-env code - function","    case 'node':","        break;","    }","","","","    // run shared js-env code - post-init","    (function () {","        return;","    }());","    switch (local.modeJs) {","","","","    // run browser js-env code - post-init","    case 'browser':","        // run tests","        local.nop(local.modeTest &&","            document.querySelector('#testRunButton1') &&","            document.querySelector('#testRunButton1').click());","        break;","","","","    // run node js-env code - post-init","    /* istanbul ignore next */","    case 'node':","        local.testCase_buildApidoc_default = local.testCase_buildApidoc_default || function (","            options,","            onError","        ) {","        /*","         * this function will test buildApidoc's default handling-behavior-behavior","         */","            options = { modulePathList: module.paths };","            local.buildApidoc(options, onError);","        };","","        local.testCase_buildApp_default = local.testCase_buildApp_default || function (","            options,","            onError","        ) {","        /*","         * this function will test buildApp's default handling-behavior-behavior","         */","            local.testCase_buildReadme_default(options, local.onErrorThrow);","            local.testCase_buildLib_default(options, local.onErrorThrow);","            local.testCase_buildTest_default(options, local.onErrorThrow);","            local.testCase_buildCustomOrg_default(options, local.onErrorThrow);","            options = [];","            local.buildApp(options, onError);","        };","","        local.testCase_buildCustomOrg_default = local.testCase_buildCustomOrg_default ||","            function (options, onError) {","            /*","             * this function will test buildCustomOrg's default handling-behavior","             */","                options = {};","                local.buildCustomOrg(options, onError);","            };","","        local.testCase_buildLib_default = local.testCase_buildLib_default || function (","            options,","            onError","        ) {","        /*","         * this function will test buildLib's default handling-behavior","         */","            options = {};","            local.buildLib(options, onError);","        };","","        local.testCase_buildReadme_default = local.testCase_buildReadme_default || function (","            options,","            onError","        ) {","        /*","         * this function will test buildReadme's default handling-behavior-behavior","         */","            options = {};","            local.buildReadme(options, onError);","        };","","        local.testCase_buildTest_default = local.testCase_buildTest_default || function (","            options,","            onError","        ) {","        /*","         * this function will test buildTest's default handling-behavior","         */","            options = {};","            local.buildTest(options, onError);","        };","","        local.testCase_webpage_default = local.testCase_webpage_default || function (","            options,","            onError","        ) {","        /*","         * this function will test webpage's default handling-behavior","         */","            options = { modeCoverageMerge: true, url: local.serverLocalHost + '?modeTest=1' };","            local.browserTest(options, onError);","        };","","        // run test-server","        local.testRunServer(local);","        break;","    }","}());",""],"l":{"12":1,"14":1,"19":1,"21":1,"23":1,"24":1,"25":1,"30":1,"37":1,"40":1,"43":0,"47":0,"50":1,"52":1,"55":1,"61":1,"62":1,"64":1,"70":0,"76":1,"82":1,"83":1,"85":1,"92":0,"95":0,"102":1,"109":1,"110":1,"113":1,"120":1,"121":1,"122":1,"123":1,"124":1,"125":1,"128":1,"133":1,"134":1,"137":1,"144":1,"145":1,"148":1,"155":1,"156":1,"159":1,"166":1,"167":1,"170":1,"177":1,"178":1,"182":1,"183":1}},"/home/travis/build/npmtest/node-npmtest-angular-ui-router/lib.npmtest_angular_ui_router.js":{"path":"/home/travis/build/npmtest/node-npmtest-angular-ui-router/lib.npmtest_angular_ui_router.js","s":{"1":1,"2":1,"3":1,"4":1,"5":1,"6":1,"7":1,"8":1,"9":1,"10":1,"11":1,"12":1,"13":0,"14":1,"15":1,"16":1},"b":{"1":[1,0,0,0],"2":[1,1,1,1],"3":[0,1],"4":[1,1],"5":[0,1]},"f":{"1":1,"2":1,"3":1},"fnMap":{"1":{"name":"(anonymous_1)","line":12,"loc":{"start":{"line":12,"column":1},"end":{"line":12,"column":13}}},"2":{"name":"(anonymous_2)","line":19,"loc":{"start":{"line":19,"column":5},"end":{"line":19,"column":17}}},"3":{"name":"(anonymous_3)","line":23,"loc":{"start":{"line":23,"column":24},"end":{"line":23,"column":36}}}},"statementMap":{"1":{"start":{"line":12,"column":0},"end":{"line":53,"column":5}},"2":{"start":{"line":14,"column":4},"end":{"line":14,"column":14}},"3":{"start":{"line":19,"column":4},"end":{"line":52,"column":9}},"4":{"start":{"line":21,"column":8},"end":{"line":21,"column":19}},"5":{"start":{"line":23,"column":8},"end":{"line":35,"column":13}},"6":{"start":{"line":24,"column":12},"end":{"line":34,"column":13}},"7":{"start":{"line":25,"column":16},"end":{"line":28,"column":30}},"8":{"start":{"line":30,"column":16},"end":{"line":33,"column":27}},"9":{"start":{"line":37,"column":8},"end":{"line":39,"column":21}},"10":{"start":{"line":41,"column":8},"end":{"line":41,"column":54}},"11":{"start":{"line":43,"column":8},"end":{"line":43,"column":62}},"12":{"start":{"line":45,"column":8},"end":{"line":51,"column":9}},"13":{"start":{"line":46,"column":12},"end":{"line":46,"column":68}},"14":{"start":{"line":48,"column":12},"end":{"line":48,"column":35}},"15":{"start":{"line":49,"column":12},"end":{"line":49,"column":49}},"16":{"start":{"line":50,"column":12},"end":{"line":50,"column":43}}},"branchMap":{"1":{"line":25,"type":"binary-expr","locations":[{"start":{"line":25,"column":23},"end":{"line":25,"column":62}},{"start":{"line":26,"column":20},"end":{"line":26,"column":70}},{"start":{"line":27,"column":20},"end":{"line":27,"column":71}},{"start":{"line":28,"column":20},"end":{"line":28,"column":29}}]},"2":{"line":30,"type":"binary-expr","locations":[{"start":{"line":30,"column":23},"end":{"line":30,"column":37}},{"start":{"line":31,"column":20},"end":{"line":31,"column":61}},{"start":{"line":32,"column":20},"end":{"line":32,"column":70}},{"start":{"line":33,"column":20},"end":{"line":33,"column":26}}]},"3":{"line":37,"type":"cond-expr","locations":[{"start":{"line":38,"column":14},"end":{"line":38,"column":20}},{"start":{"line":39,"column":14},"end":{"line":39,"column":20}}]},"4":{"line":41,"type":"binary-expr","locations":[{"start":{"line":41,"column":16},"end":{"line":41,"column":44}},{"start":{"line":41,"column":48},"end":{"line":41,"column":53}}]},"5":{"line":45,"type":"if","locations":[{"start":{"line":45,"column":8},"end":{"line":45,"column":8}},{"start":{"line":45,"column":8},"end":{"line":45,"column":8}}]}},"code":["/* istanbul instrument in package npmtest_angular_ui_router */","/*jslint","    bitwise: true,","    browser: true,","    maxerr: 8,","    maxlen: 96,","    node: true,","    nomen: true,","    regexp: true,","    stupid: true","*/","(function () {","    'use strict';","    var local;","","","","    // run shared js-env code - pre-init","    (function () {","        // init local","        local = {};","        // init modeJs","        local.modeJs = (function () {","            try {","                return typeof navigator.userAgent === 'string' &&","                    typeof document.querySelector('body') === 'object' &&","                    typeof XMLHttpRequest.prototype.open === 'function' &&","                    'browser';","            } catch (errorCaughtBrowser) {","                return module.exports &&","                    typeof process.versions.node === 'string' &&","                    typeof require('http').createServer === 'function' &&","                    'node';","            }","        }());","        // init global","        local.global = local.modeJs === 'browser'","            ? window","            : global;","        // init utility2_rollup","        local = local.global.utility2_rollup || local;","        // init lib","        local.local = local.npmtest_angular_ui_router = local;","        // init exports","        if (local.modeJs === 'browser') {","            local.global.utility2_npmtest_angular_ui_router = local;","        } else {","            module.exports = local;","            module.exports.__dirname = __dirname;","            module.exports.module = module;","        }","    }());","}());",""],"l":{"12":1,"14":1,"19":1,"21":1,"23":1,"24":1,"25":1,"30":1,"37":1,"41":1,"43":1,"45":1,"46":0,"48":1,"49":1,"50":1}},"/home/travis/build/npmtest/node-npmtest-angular-ui-router/example.js":{"path":"/home/travis/build/npmtest/node-npmtest-angular-ui-router/example.js","s":{"1":1,"2":1,"3":1,"4":1,"5":1,"6":1,"7":1,"8":1,"9":1,"10":1,"11":1,"12":1,"13":0,"14":0,"15":0,"16":0,"17":0,"18":0,"19":0,"20":0,"21":0,"22":0,"23":0,"24":0,"25":0,"26":0,"27":0,"28":0,"29":0,"30":0,"31":0,"32":0,"33":0,"34":0,"35":0,"36":0,"37":0,"38":0,"39":0,"40":0,"41":0,"42":0,"43":0,"44":0,"45":0,"46":0,"47":0,"48":0,"49":0,"50":1,"51":1,"52":1,"53":1,"54":1,"55":1,"56":1,"57":0,"58":1,"59":6,"60":6,"61":1,"62":2,"63":0,"64":2,"65":1,"66":1,"67":0,"68":0,"69":0,"70":0,"71":0,"72":0,"73":0,"74":0,"75":0,"76":0,"77":0,"78":0,"79":0,"80":0,"81":0,"82":0,"83":0},"b":{"1":[1,0,0,0],"2":[1,1,1,1],"3":[0,1],"4":[1,1],"5":[0,1],"6":[0,1],"7":[0,0],"8":[0,0,0,0,0,0],"9":[0,0,0],"10":[0,0],"11":[0,0,0],"12":[0,0],"13":[0,0],"14":[0,0,0,0,0,0,0],"15":[0,0],"16":[0,0],"17":[1,1],"18":[0,1],"19":[1,2,0,2],"20":[1,0],"21":[1,1],"22":[0,0],"23":[0,0],"24":[0,0],"25":[0,0],"26":[0,0],"27":[0,0],"28":[0,0]},"f":{"1":1,"2":1,"3":1,"4":0,"5":0,"6":0,"7":0,"8":0,"9":0,"10":0,"11":6,"12":0},"fnMap":{"1":{"name":"(anonymous_1)","line":26,"loc":{"start":{"line":26,"column":1},"end":{"line":26,"column":13}}},"2":{"name":"(anonymous_2)","line":33,"loc":{"start":{"line":33,"column":5},"end":{"line":33,"column":17}}},"3":{"name":"(anonymous_3)","line":37,"loc":{"start":{"line":37,"column":24},"end":{"line":37,"column":36}}},"4":{"name":"(anonymous_4)","line":69,"loc":{"start":{"line":69,"column":31},"end":{"line":69,"column":48}},"skip":true},"5":{"name":"(anonymous_5)","line":78,"loc":{"start":{"line":78,"column":26},"end":{"line":78,"column":45}},"skip":true},"6":{"name":"(anonymous_6)","line":123,"loc":{"start":{"line":123,"column":33},"end":{"line":123,"column":48}},"skip":true},"7":{"name":"(anonymous_7)","line":125,"loc":{"start":{"line":125,"column":27},"end":{"line":125,"column":39}},"skip":true},"8":{"name":"(anonymous_8)","line":133,"loc":{"start":{"line":133,"column":59},"end":{"line":133,"column":74}},"skip":true},"9":{"name":"(anonymous_9)","line":143,"loc":{"start":{"line":143,"column":45},"end":{"line":143,"column":62}},"skip":true},"10":{"name":"(anonymous_10)","line":144,"loc":{"start":{"line":144,"column":73},"end":{"line":144,"column":92}},"skip":true},"11":{"name":"(anonymous_11)","line":272,"loc":{"start":{"line":272,"column":51},"end":{"line":272,"column":77}},"skip":true},"12":{"name":"(anonymous_12)","line":314,"loc":{"start":{"line":314,"column":32},"end":{"line":314,"column":61}},"skip":true}},"statementMap":{"1":{"start":{"line":26,"column":0},"end":{"line":325,"column":5}},"2":{"start":{"line":28,"column":4},"end":{"line":28,"column":14}},"3":{"start":{"line":33,"column":4},"end":{"line":60,"column":9}},"4":{"start":{"line":35,"column":8},"end":{"line":35,"column":19}},"5":{"start":{"line":37,"column":8},"end":{"line":49,"column":13}},"6":{"start":{"line":38,"column":12},"end":{"line":48,"column":13}},"7":{"start":{"line":39,"column":16},"end":{"line":42,"column":30}},"8":{"start":{"line":44,"column":16},"end":{"line":47,"column":27}},"9":{"start":{"line":51,"column":8},"end":{"line":53,"column":21}},"10":{"start":{"line":55,"column":8},"end":{"line":57,"column":45}},"11":{"start":{"line":59,"column":8},"end":{"line":59,"column":35}},"12":{"start":{"line":61,"column":4},"end":{"line":324,"column":5}},"13":{"start":{"line":69,"column":8},"end":{"line":121,"column":10},"skip":true},"14":{"start":{"line":70,"column":12},"end":{"line":88,"column":13},"skip":true},"15":{"start":{"line":76,"column":16},"end":{"line":87,"column":19},"skip":true},"16":{"start":{"line":79,"column":20},"end":{"line":86,"column":21},"skip":true},"17":{"start":{"line":82,"column":24},"end":{"line":82,"column":43},"skip":true},"18":{"start":{"line":83,"column":24},"end":{"line":83,"column":30},"skip":true},"19":{"start":{"line":85,"column":24},"end":{"line":85,"column":49},"skip":true},"20":{"start":{"line":89,"column":12},"end":{"line":107,"column":13},"skip":true},"21":{"start":{"line":92,"column":16},"end":{"line":102,"column":17},"skip":true},"22":{"start":{"line":93,"column":20},"end":{"line":93,"column":86},"skip":true},"23":{"start":{"line":94,"column":20},"end":{"line":95,"column":45},"skip":true},"24":{"start":{"line":96,"column":20},"end":{"line":96,"column":42},"skip":true},"25":{"start":{"line":97,"column":20},"end":{"line":97,"column":48},"skip":true},"26":{"start":{"line":100,"column":20},"end":{"line":100,"column":85},"skip":true},"27":{"start":{"line":101,"column":20},"end":{"line":101,"column":96},"skip":true},"28":{"start":{"line":103,"column":16},"end":{"line":103,"column":22},"skip":true},"29":{"start":{"line":106,"column":16},"end":{"line":106,"column":22},"skip":true},"30":{"start":{"line":108,"column":12},"end":{"line":120,"column":13},"skip":true},"31":{"start":{"line":114,"column":16},"end":{"line":119,"column":17},"skip":true},"32":{"start":{"line":116,"column":20},"end":{"line":116,"column":78},"skip":true},"33":{"start":{"line":118,"column":20},"end":{"line":118,"column":53},"skip":true},"34":{"start":{"line":123,"column":8},"end":{"line":141,"column":11},"skip":true},"35":{"start":{"line":124,"column":12},"end":{"line":124,"column":54},"skip":true},"36":{"start":{"line":125,"column":12},"end":{"line":140,"column":14},"skip":true},"37":{"start":{"line":126,"column":16},"end":{"line":126,"column":28},"skip":true},"38":{"start":{"line":127,"column":16},"end":{"line":127,"column":69},"skip":true},"39":{"start":{"line":128,"column":16},"end":{"line":128,"column":75},"skip":true},"40":{"start":{"line":129,"column":16},"end":{"line":131,"column":17},"skip":true},"41":{"start":{"line":130,"column":20},"end":{"line":130,"column":27},"skip":true},"42":{"start":{"line":133,"column":16},"end":{"line":137,"column":36},"skip":true},"43":{"start":{"line":134,"column":20},"end":{"line":136,"column":55},"skip":true},"44":{"start":{"line":139,"column":16},"end":{"line":139,"column":57},"skip":true},"45":{"start":{"line":143,"column":8},"end":{"line":147,"column":11},"skip":true},"46":{"start":{"line":144,"column":12},"end":{"line":146,"column":15},"skip":true},"47":{"start":{"line":145,"column":16},"end":{"line":145,"column":70},"skip":true},"48":{"start":{"line":149,"column":8},"end":{"line":149,"column":31},"skip":true},"49":{"start":{"line":150,"column":8},"end":{"line":150,"column":14},"skip":true},"50":{"start":{"line":158,"column":8},"end":{"line":158,"column":31},"skip":true},"51":{"start":{"line":160,"column":8},"end":{"line":160,"column":33},"skip":true},"52":{"start":{"line":161,"column":8},"end":{"line":161,"column":37},"skip":true},"53":{"start":{"line":162,"column":8},"end":{"line":162,"column":35},"skip":true},"54":{"start":{"line":164,"column":8},"end":{"line":164,"column":50},"skip":true},"55":{"start":{"line":166,"column":8},"end":{"line":256,"column":2},"skip":true},"56":{"start":{"line":258,"column":8},"end":{"line":286,"column":9},"skip":true},"57":{"start":{"line":259,"column":12},"end":{"line":269,"column":14},"skip":true},"58":{"start":{"line":271,"column":12},"end":{"line":285,"column":19},"skip":true},"59":{"start":{"line":274,"column":20},"end":{"line":274,"column":35},"skip":true},"60":{"start":{"line":275,"column":20},"end":{"line":284,"column":21},"skip":true},"61":{"start":{"line":277,"column":24},"end":{"line":277,"column":64},"skip":true},"62":{"start":{"line":279,"column":24},"end":{"line":279,"column":40},"skip":true},"63":{"start":{"line":281,"column":24},"end":{"line":281,"column":40},"skip":true},"64":{"start":{"line":283,"column":24},"end":{"line":283,"column":39},"skip":true},"65":{"start":{"line":288,"column":8},"end":{"line":290,"column":9},"skip":true},"66":{"start":{"line":289,"column":12},"end":{"line":289,"column":18},"skip":true},"67":{"start":{"line":291,"column":8},"end":{"line":293,"column":54},"skip":true},"68":{"start":{"line":294,"column":8},"end":{"line":301,"column":37},"skip":true},"69":{"start":{"line":302,"column":8},"end":{"line":302,"column":82},"skip":true},"70":{"start":{"line":305,"column":8},"end":{"line":307,"column":9},"skip":true},"71":{"start":{"line":306,"column":12},"end":{"line":306,"column":82},"skip":true},"72":{"start":{"line":309,"column":8},"end":{"line":311,"column":9},"skip":true},"73":{"start":{"line":310,"column":12},"end":{"line":310,"column":18},"skip":true},"74":{"start":{"line":312,"column":8},"end":{"line":312,"column":54},"skip":true},"75":{"start":{"line":313,"column":8},"end":{"line":313,"column":69},"skip":true},"76":{"start":{"line":314,"column":8},"end":{"line":322,"column":36},"skip":true},"77":{"start":{"line":315,"column":12},"end":{"line":315,"column":61},"skip":true},"78":{"start":{"line":316,"column":12},"end":{"line":319,"column":13},"skip":true},"79":{"start":{"line":317,"column":16},"end":{"line":317,"column":75},"skip":true},"80":{"start":{"line":318,"column":16},"end":{"line":318,"column":23},"skip":true},"81":{"start":{"line":320,"column":12},"end":{"line":320,"column":38},"skip":true},"82":{"start":{"line":321,"column":12},"end":{"line":321,"column":27},"skip":true},"83":{"start":{"line":323,"column":8},"end":{"line":323,"column":14},"skip":true}},"branchMap":{"1":{"line":39,"type":"binary-expr","locations":[{"start":{"line":39,"column":23},"end":{"line":39,"column":62}},{"start":{"line":40,"column":20},"end":{"line":40,"column":70}},{"start":{"line":41,"column":20},"end":{"line":41,"column":71}},{"start":{"line":42,"column":20},"end":{"line":42,"column":29}}]},"2":{"line":44,"type":"binary-expr","locations":[{"start":{"line":44,"column":23},"end":{"line":44,"column":37}},{"start":{"line":45,"column":20},"end":{"line":45,"column":61}},{"start":{"line":46,"column":20},"end":{"line":46,"column":70}},{"start":{"line":47,"column":20},"end":{"line":47,"column":26}}]},"3":{"line":51,"type":"cond-expr","locations":[{"start":{"line":52,"column":14},"end":{"line":52,"column":20}},{"start":{"line":53,"column":14},"end":{"line":53,"column":20}}]},"4":{"line":55,"type":"binary-expr","locations":[{"start":{"line":55,"column":16},"end":{"line":55,"column":44}},{"start":{"line":55,"column":49},"end":{"line":57,"column":43}}]},"5":{"line":55,"type":"cond-expr","locations":[{"start":{"line":56,"column":14},"end":{"line":56,"column":61}},{"start":{"line":57,"column":14},"end":{"line":57,"column":43}}]},"6":{"line":61,"type":"switch","locations":[{"start":{"line":68,"column":4},"end":{"line":150,"column":14},"skip":true},{"start":{"line":156,"column":4},"end":{"line":323,"column":14},"skip":true}]},"7":{"line":70,"type":"if","locations":[{"start":{"line":70,"column":12},"end":{"line":70,"column":12},"skip":true},{"start":{"line":70,"column":12},"end":{"line":70,"column":12},"skip":true}]},"8":{"line":70,"type":"binary-expr","locations":[{"start":{"line":70,"column":16},"end":{"line":70,"column":22},"skip":true},{"start":{"line":70,"column":27},"end":{"line":70,"column":32},"skip":true},{"start":{"line":71,"column":20},"end":{"line":71,"column":39},"skip":true},{"start":{"line":72,"column":20},"end":{"line":72,"column":49},"skip":true},{"start":{"line":73,"column":20},"end":{"line":73,"column":58},"skip":true},{"start":{"line":74,"column":20},"end":{"line":74,"column":69},"skip":true}]},"9":{"line":79,"type":"switch","locations":[{"start":{"line":80,"column":20},"end":{"line":80,"column":33},"skip":true},{"start":{"line":81,"column":20},"end":{"line":83,"column":30},"skip":true},{"start":{"line":84,"column":20},"end":{"line":85,"column":49},"skip":true}]},"10":{"line":89,"type":"switch","locations":[{"start":{"line":90,"column":12},"end":{"line":103,"column":22},"skip":true},{"start":{"line":105,"column":12},"end":{"line":106,"column":22},"skip":true}]},"11":{"line":89,"type":"binary-expr","locations":[{"start":{"line":89,"column":20},"end":{"line":89,"column":25},"skip":true},{"start":{"line":89,"column":29},"end":{"line":89,"column":48},"skip":true},{"start":{"line":89,"column":52},"end":{"line":89,"column":74},"skip":true}]},"12":{"line":92,"type":"if","locations":[{"start":{"line":92,"column":16},"end":{"line":92,"column":16},"skip":true},{"start":{"line":92,"column":16},"end":{"line":92,"column":16},"skip":true}]},"13":{"line":108,"type":"if","locations":[{"start":{"line":108,"column":12},"end":{"line":108,"column":12},"skip":true},{"start":{"line":108,"column":12},"end":{"line":108,"column":12},"skip":true}]},"14":{"line":108,"type":"binary-expr","locations":[{"start":{"line":108,"column":16},"end":{"line":108,"column":61},"skip":true},{"start":{"line":108,"column":66},"end":{"line":108,"column":72},"skip":true},{"start":{"line":108,"column":77},"end":{"line":108,"column":82},"skip":true},{"start":{"line":109,"column":20},"end":{"line":109,"column":39},"skip":true},{"start":{"line":110,"column":20},"end":{"line":110,"column":49},"skip":true},{"start":{"line":111,"column":20},"end":{"line":111,"column":58},"skip":true},{"start":{"line":112,"column":20},"end":{"line":112,"column":68},"skip":true}]},"15":{"line":129,"type":"if","locations":[{"start":{"line":129,"column":16},"end":{"line":129,"column":16},"skip":true},{"start":{"line":129,"column":16},"end":{"line":129,"column":16},"skip":true}]},"16":{"line":134,"type":"cond-expr","locations":[{"start":{"line":135,"column":26},"end":{"line":135,"column":29},"skip":true},{"start":{"line":136,"column":26},"end":{"line":136,"column":54},"skip":true}]},"17":{"line":164,"type":"binary-expr","locations":[{"start":{"line":164,"column":27},"end":{"line":164,"column":43},"skip":true},{"start":{"line":164,"column":47},"end":{"line":164,"column":49},"skip":true}]},"18":{"line":258,"type":"if","locations":[{"start":{"line":258,"column":8},"end":{"line":258,"column":8},"skip":true},{"start":{"line":258,"column":8},"end":{"line":258,"column":8},"skip":true}]},"19":{"line":275,"type":"switch","locations":[{"start":{"line":276,"column":20},"end":{"line":277,"column":64},"skip":true},{"start":{"line":278,"column":20},"end":{"line":279,"column":40},"skip":true},{"start":{"line":280,"column":20},"end":{"line":281,"column":40},"skip":true},{"start":{"line":282,"column":20},"end":{"line":283,"column":39},"skip":true}]},"20":{"line":288,"type":"if","locations":[{"start":{"line":288,"column":8},"end":{"line":288,"column":8},"skip":true},{"start":{"line":288,"column":8},"end":{"line":288,"column":8},"skip":true}]},"21":{"line":288,"type":"binary-expr","locations":[{"start":{"line":288,"column":12},"end":{"line":288,"column":40},"skip":true},{"start":{"line":288,"column":44},"end":{"line":288,"column":67},"skip":true}]},"22":{"line":292,"type":"binary-expr","locations":[{"start":{"line":292,"column":12},"end":{"line":292,"column":50},"skip":true},{"start":{"line":293,"column":12},"end":{"line":293,"column":53},"skip":true}]},"23":{"line":295,"type":"binary-expr","locations":[{"start":{"line":295,"column":12},"end":{"line":295,"column":75},"skip":true},{"start":{"line":296,"column":12},"end":{"line":301,"column":36},"skip":true}]},"24":{"line":302,"type":"binary-expr","locations":[{"start":{"line":302,"column":43},"end":{"line":302,"column":75},"skip":true},{"start":{"line":302,"column":79},"end":{"line":302,"column":81},"skip":true}]},"25":{"line":305,"type":"if","locations":[{"start":{"line":305,"column":8},"end":{"line":305,"column":8},"skip":true},{"start":{"line":305,"column":8},"end":{"line":305,"column":8},"skip":true}]},"26":{"line":309,"type":"if","locations":[{"start":{"line":309,"column":8},"end":{"line":309,"column":8},"skip":true},{"start":{"line":309,"column":8},"end":{"line":309,"column":8},"skip":true}]},"27":{"line":312,"type":"binary-expr","locations":[{"start":{"line":312,"column":27},"end":{"line":312,"column":43},"skip":true},{"start":{"line":312,"column":47},"end":{"line":312,"column":53},"skip":true}]},"28":{"line":316,"type":"if","locations":[{"start":{"line":316,"column":12},"end":{"line":316,"column":12},"skip":true},{"start":{"line":316,"column":12},"end":{"line":316,"column":12},"skip":true}]}},"code":["/*","example.js","","quickstart example","","instruction","    1. save this script as example.js","    2. run the shell command:","        $ npm install npmtest-angular-ui-router && PORT=8081 node example.js","    3. play with the browser-demo on http://127.0.0.1:8081","*/","","","","/* istanbul instrument in package npmtest_angular_ui_router */","/*jslint","    bitwise: true,","    browser: true,","    maxerr: 8,","    maxlen: 96,","    node: true,","    nomen: true,","    regexp: true,","    stupid: true","*/","(function () {","    'use strict';","    var local;","","","","    // run shared js-env code - pre-init","    (function () {","        // init local","        local = {};","        // init modeJs","        local.modeJs = (function () {","            try {","                return typeof navigator.userAgent === 'string' &&","                    typeof document.querySelector('body') === 'object' &&","                    typeof XMLHttpRequest.prototype.open === 'function' &&","                    'browser';","            } catch (errorCaughtBrowser) {","                return module.exports &&","                    typeof process.versions.node === 'string' &&","                    typeof require('http').createServer === 'function' &&","                    'node';","            }","        }());","        // init global","        local.global = local.modeJs === 'browser'","            ? window","            : global;","        // init utility2_rollup","        local = local.global.utility2_rollup || (local.modeJs === 'browser'","            ? local.global.utility2_npmtest_angular_ui_router","            : global.utility2_moduleExports);","        // export local","        local.global.local = local;","    }());","    switch (local.modeJs) {","","","","    // post-init","    // run browser js-env code - post-init","    /* istanbul ignore next */","    case 'browser':","        local.testRunBrowser = function (event) {","            if (!event || (event &&","                    event.currentTarget &&","                    event.currentTarget.className &&","                    event.currentTarget.className.includes &&","                    event.currentTarget.className.includes('onreset'))) {","                // reset output","                Array.from(","                    document.querySelectorAll('body > .resettable')","                ).forEach(function (element) {","                    switch (element.tagName) {","                    case 'INPUT':","                    case 'TEXTAREA':","                        element.value = '';","                        break;","                    default:","                        element.textContent = '';","                    }","                });","            }","            switch (event && event.currentTarget && event.currentTarget.id) {","            case 'testRunButton1':","                // show tests","                if (document.querySelector('#testReportDiv1').style.display === 'none') {","                    document.querySelector('#testReportDiv1').style.display = 'block';","                    document.querySelector('#testRunButton1').textContent =","                        'hide internal test';","                    local.modeTest = true;","                    local.testRunDefault(local);","                // hide tests","                } else {","                    document.querySelector('#testReportDiv1').style.display = 'none';","                    document.querySelector('#testRunButton1').textContent = 'run internal test';","                }","                break;","            // custom-case","            default:","                break;","            }","            if (document.querySelector('#inputTextareaEval1') && (!event || (event &&","                    event.currentTarget &&","                    event.currentTarget.className &&","                    event.currentTarget.className.includes &&","                    event.currentTarget.className.includes('oneval')))) {","                // try to eval input-code","                try {","                    /*jslint evil: true*/","                    eval(document.querySelector('#inputTextareaEval1').value);","                } catch (errorCaught) {","                    console.error(errorCaught.stack);","                }","            }","        };","        // log stderr and stdout to #outputTextareaStdout1","        ['error', 'log'].forEach(function (key) {","            console[key + '_original'] = console[key];","            console[key] = function () {","                var element;","                console[key + '_original'].apply(console, arguments);","                element = document.querySelector('#outputTextareaStdout1');","                if (!element) {","                    return;","                }","                // append text to #outputTextareaStdout1","                element.value += Array.from(arguments).map(function (arg) {","                    return typeof arg === 'string'","                        ? arg","                        : JSON.stringify(arg, null, 4);","                }).join(' ') + '\\n';","                // scroll textarea to bottom","                element.scrollTop = element.scrollHeight;","            };","        });","        // init event-handling","        ['change', 'click', 'keyup'].forEach(function (event) {","            Array.from(document.querySelectorAll('.on' + event)).forEach(function (element) {","                element.addEventListener(event, local.testRunBrowser);","            });","        });","        // run tests","        local.testRunBrowser();","        break;","","","","    // run node js-env code - post-init","    /* istanbul ignore next */","    case 'node':","        // export local","        module.exports = local;","        // require modules","        local.fs = require('fs');","        local.http = require('http');","        local.url = require('url');","        // init assets","        local.assetsDict = local.assetsDict || {};","        /* jslint-ignore-begin */","        local.assetsDict['/assets.index.template.html'] = '\\","<!doctype html>\\n\\","<html lang=\"en\">\\n\\","<head>\\n\\","<meta charset=\"UTF-8\">\\n\\","<meta name=\"viewport\" content=\"width=device-width, initial-scale=1\">\\n\\","<title>{{env.npm_package_name}} (v{{env.npm_package_version}})</title>\\n\\","<style>\\n\\","/*csslint\\n\\","    box-sizing: false,\\n\\","    universal-selector: false\\n\\","*/\\n\\","* {\\n\\","    box-sizing: border-box;\\n\\","}\\n\\","body {\\n\\","    background: #dde;\\n\\","    font-family: Arial, Helvetica, sans-serif;\\n\\","    margin: 2rem;\\n\\","}\\n\\","body > * {\\n\\","    margin-bottom: 1rem;\\n\\","}\\n\\",".utility2FooterDiv {\\n\\","    margin-top: 20px;\\n\\","    text-align: center;\\n\\","}\\n\\","</style>\\n\\","<style>\\n\\","/*csslint\\n\\","*/\\n\\","textarea {\\n\\","    font-family: monospace;\\n\\","    height: 10rem;\\n\\","    width: 100%;\\n\\","}\\n\\","textarea[readonly] {\\n\\","    background: #ddd;\\n\\","}\\n\\","</style>\\n\\","</head>\\n\\","<body>\\n\\","<!-- utility2-comment\\n\\","<div id=\"ajaxProgressDiv1\" style=\"background: #d00; height: 2px; left: 0; margin: 0; padding: 0; position: fixed; top: 0; transition: background 0.5s, width 1.5s; width: 25%;\"></div>\\n\\","utility2-comment -->\\n\\","<h1>\\n\\","<!-- utility2-comment\\n\\","    <a\\n\\","        {{#if env.npm_package_homepage}}\\n\\","        href=\"{{env.npm_package_homepage}}\"\\n\\","        {{/if env.npm_package_homepage}}\\n\\","        target=\"_blank\"\\n\\","    >\\n\\","utility2-comment -->\\n\\","        {{env.npm_package_name}} (v{{env.npm_package_version}})\\n\\","<!-- utility2-comment\\n\\","    </a>\\n\\","utility2-comment -->\\n\\","</h1>\\n\\","<h3>{{env.npm_package_description}}</h3>\\n\\","<!-- utility2-comment\\n\\","<h4><a download href=\"assets.app.js\">download standalone app</a></h4>\\n\\","<button class=\"onclick onreset\" id=\"testRunButton1\">run internal test</button><br>\\n\\","<div id=\"testReportDiv1\" style=\"display: none;\"></div>\\n\\","utility2-comment -->\\n\\","\\n\\","\\n\\","\\n\\","<label>stderr and stdout</label>\\n\\","<textarea class=\"resettable\" id=\"outputTextareaStdout1\" readonly></textarea>\\n\\","<!-- utility2-comment\\n\\","{{#if isRollup}}\\n\\","<script src=\"assets.app.js\"></script>\\n\\","{{#unless isRollup}}\\n\\","utility2-comment -->\\n\\","<script src=\"assets.utility2.rollup.js\"></script>\\n\\","<script src=\"jsonp.utility2._stateInit?callback=window.utility2._stateInit\"></script>\\n\\","<script src=\"assets.npmtest_angular_ui_router.rollup.js\"></script>\\n\\","<script src=\"assets.example.js\"></script>\\n\\","<script src=\"assets.test.js\"></script>\\n\\","<!-- utility2-comment\\n\\","{{/if isRollup}}\\n\\","utility2-comment -->\\n\\","<div class=\"utility2FooterDiv\">\\n\\","    [ this app was created with\\n\\","    <a href=\"https://github.com/kaizhu256/node-utility2\" target=\"_blank\">utility2</a>\\n\\","    ]\\n\\","</div>\\n\\","</body>\\n\\","</html>\\n\\","';","        /* jslint-ignore-end */","        if (local.templateRender) {","            local.assetsDict['/'] = local.templateRender(","                local.assetsDict['/assets.index.template.html'],","                {","                    env: local.objectSetDefault(local.env, {","                        npm_package_description: 'the greatest app in the world!',","                        npm_package_name: 'my-app',","                        npm_package_nameAlias: 'my_app',","                        npm_package_version: '0.0.1'","                    })","                }","            );","        } else {","            local.assetsDict['/'] = local.assetsDict['/assets.index.template.html']","                .replace((/\\{\\{env\\.(\\w+?)\\}\\}/g), function (match0, match1) {","                    // jslint-hack","                    String(match0);","                    switch (match1) {","                    case 'npm_package_description':","                        return 'the greatest app in the world!';","                    case 'npm_package_name':","                        return 'my-app';","                    case 'npm_package_nameAlias':","                        return 'my_app';","                    case 'npm_package_version':","                        return '0.0.1';","                    }","                });","        }","        // run the cli","        if (local.global.utility2_rollup || module !== require.main) {","            break;","        }","        local.assetsDict['/assets.example.js'] =","            local.assetsDict['/assets.example.js'] ||","            local.fs.readFileSync(__filename, 'utf8');","        local.assetsDict['/assets.npmtest_angular_ui_router.rollup.js'] =","            local.assetsDict['/assets.npmtest_angular_ui_router.rollup.js'] ||","            local.fs.readFileSync(","                // buildCustomOrg-hack","                local.npmtest_angular_ui_router.__dirname +","                    '/lib.npmtest_angular_ui_router.js',","                'utf8'","            ).replace((/^#!/), '//');","        local.assetsDict['/favicon.ico'] = local.assetsDict['/favicon.ico'] || '';","        // if $npm_config_timeout_exit exists,","        // then exit this process after $npm_config_timeout_exit ms","        if (Number(process.env.npm_config_timeout_exit)) {","            setTimeout(process.exit, Number(process.env.npm_config_timeout_exit));","        }","        // start server","        if (local.global.utility2_serverHttp1) {","            break;","        }","        process.env.PORT = process.env.PORT || '8081';","        console.error('server starting on port ' + process.env.PORT);","        local.http.createServer(function (request, response) {","            request.urlParsed = local.url.parse(request.url);","            if (local.assetsDict[request.urlParsed.pathname] !== undefined) {","                response.end(local.assetsDict[request.urlParsed.pathname]);","                return;","            }","            response.statusCode = 404;","            response.end();","        }).listen(process.env.PORT);","        break;","    }","}());",""],"l":{"26":1,"28":1,"33":1,"35":1,"37":1,"38":1,"39":1,"44":1,"51":1,"55":1,"59":1,"61":1,"69":1,"70":1,"76":1,"79":1,"82":1,"83":1,"85":1,"89":1,"92":1,"93":1,"94":1,"96":1,"97":1,"100":1,"101":1,"103":1,"106":1,"108":1,"114":1,"116":1,"118":1,"123":1,"124":1,"125":1,"126":1,"127":1,"128":1,"129":1,"130":1,"133":1,"134":1,"139":1,"143":1,"144":1,"145":1,"149":1,"150":1,"158":1,"160":1,"161":1,"162":1,"164":1,"166":1,"258":1,"259":1,"271":1,"274":6,"275":6,"277":1,"279":2,"281":1,"283":2,"288":1,"289":1,"291":1,"294":1,"302":1,"305":1,"306":1,"309":1,"310":1,"312":1,"313":1,"314":1,"315":1,"316":1,"317":1,"318":1,"320":1,"321":1,"323":1}},"/home/travis/build/npmtest/node-npmtest-angular-ui-router/angular-ui-router/release/angular-ui-router.js":{"path":"/home/travis/build/npmtest/node-npmtest-angular-ui-router/angular-ui-router/release/angular-ui-router.js","s":{"1":1,"2":1,"3":1,"4":0,"5":1,"6":0,"7":1,"8":0,"9":0,"10":0,"11":0,"12":0,"13":0,"14":1,"15":0,"16":0,"17":0,"18":0,"19":0,"20":0,"21":1,"22":0,"23":0,"24":0,"25":0,"26":0,"27":0,"28":1,"29":0,"30":0,"31":0,"32":0,"33":0,"34":0,"35":0,"36":0,"37":0,"38":0,"39":1,"40":0,"41":0,"42":0,"43":0,"44":0,"45":0,"46":0,"47":0,"48":0,"49":0,"50":0,"51":0,"52":0,"53":1,"54":0,"55":0,"56":0,"57":0,"58":0,"59":0,"60":0,"61":0,"62":0,"63":1,"64":0,"65":0,"66":0,"67":0,"68":1,"69":0,"70":0,"71":0,"72":0,"73":1,"74":0,"75":0,"76":0,"77":0,"78":0,"79":0,"80":1,"81":0,"82":0,"83":0,"84":0,"85":0,"86":0,"87":1,"88":0,"89":0,"90":0,"91":0,"92":1,"93":0,"94":0,"95":0,"96":0,"97":0,"98":0,"99":1,"100":0,"101":0,"102":0,"103":0,"104":1,"105":0,"106":0,"107":0,"108":0,"109":0,"110":0,"111":0,"112":1,"113":0,"114":0,"115":0,"116":0,"117":0,"118":0,"119":1,"120":0,"121":0,"122":0,"123":0,"124":0,"125":0,"126":0,"127":0,"128":0,"129":0,"130":0,"131":0,"132":0,"133":0,"134":0,"135":0,"136":0,"137":0,"138":0,"139":1,"140":0,"141":0,"142":0,"143":0,"144":0,"145":0,"146":0,"147":0,"148":0,"149":0,"150":0,"151":0,"152":0,"153":0,"154":0,"155":0,"156":1,"157":0,"158":0,"159":0,"160":0,"161":0,"162":0,"163":0,"164":1,"165":0,"166":0,"167":0,"168":0,"169":0,"170":0,"171":0,"172":0,"173":0,"174":0,"175":0,"176":0,"177":0,"178":0,"179":0,"180":0,"181":0,"182":0,"183":0,"184":1,"185":0,"186":1,"187":0,"188":0,"189":0,"190":0,"191":0,"192":0,"193":0,"194":0,"195":0,"196":0,"197":0,"198":1,"199":0,"200":0,"201":0,"202":0,"203":0,"204":0,"205":0,"206":0,"207":0,"208":0,"209":0,"210":0,"211":0,"212":1,"213":0,"214":0,"215":0,"216":0,"217":0,"218":1,"219":0,"220":0,"221":0,"222":0,"223":0,"224":0,"225":0,"226":0,"227":0,"228":0,"229":0,"230":0,"231":0,"232":0,"233":0,"234":0,"235":0,"236":1,"237":0,"238":0,"239":1,"240":0,"241":0,"242":0,"243":0,"244":0,"245":0,"246":0,"247":0,"248":0,"249":1,"250":0,"251":0,"252":0,"253":0,"254":0,"255":0,"256":0,"257":0,"258":0,"259":0,"260":0,"261":0,"262":0,"263":1,"264":0,"265":0,"266":0,"267":0,"268":0,"269":0,"270":0,"271":0,"272":0,"273":0,"274":0,"275":0,"276":0,"277":0,"278":0,"279":0,"280":0,"281":0,"282":0,"283":0,"284":0,"285":0,"286":0,"287":0,"288":0,"289":0,"290":0,"291":0,"292":0,"293":0,"294":0,"295":0,"296":0,"297":0,"298":0,"299":0,"300":0,"301":0,"302":0,"303":0,"304":0,"305":0,"306":0,"307":0,"308":0,"309":0,"310":0,"311":0,"312":0,"313":1,"314":1,"315":0,"316":1,"317":0,"318":0,"319":0,"320":0,"321":0,"322":0,"323":0,"324":0,"325":0,"326":0,"327":0,"328":0,"329":0,"330":0,"331":0,"332":0,"333":0,"334":0,"335":0,"336":0,"337":0,"338":0,"339":0,"340":0,"341":0,"342":0,"343":0,"344":0,"345":0,"346":0,"347":0,"348":0,"349":0,"350":0,"351":0,"352":0,"353":0,"354":0,"355":0,"356":0,"357":0,"358":1,"359":0,"360":0,"361":0,"362":0,"363":0,"364":0,"365":0,"366":0,"367":0,"368":0,"369":0,"370":0,"371":0,"372":0,"373":0,"374":0,"375":0,"376":0,"377":0,"378":0,"379":0,"380":0,"381":0,"382":0,"383":0,"384":0,"385":0,"386":0,"387":0,"388":0,"389":0,"390":0,"391":0,"392":0,"393":1,"394":0,"395":0,"396":0,"397":0,"398":0,"399":0,"400":0,"401":0,"402":0,"403":0,"404":0,"405":0,"406":0,"407":0,"408":0,"409":0,"410":0,"411":0,"412":0,"413":0,"414":0,"415":0,"416":1,"417":1,"418":0,"419":0,"420":1,"421":0,"422":1,"423":0,"424":0,"425":0,"426":0,"427":1,"428":0,"429":1,"430":0,"431":0,"432":0,"433":0,"434":0,"435":0,"436":0,"437":0,"438":1,"439":0,"440":0,"441":0,"442":0,"443":0,"444":0,"445":0,"446":0,"447":0,"448":0,"449":0,"450":0,"451":0,"452":0,"453":0,"454":0,"455":0,"456":1,"457":0,"458":0,"459":1,"460":0,"461":0,"462":1,"463":0,"464":0,"465":0,"466":0,"467":0,"468":0,"469":0,"470":0,"471":0,"472":0,"473":0,"474":0,"475":0,"476":0,"477":0,"478":0,"479":0,"480":0,"481":1,"482":0,"483":1,"484":0,"485":0,"486":0,"487":0,"488":0,"489":0,"490":0,"491":0,"492":0,"493":0,"494":0,"495":0,"496":0,"497":0,"498":0,"499":0,"500":0,"501":0,"502":0,"503":0,"504":0,"505":0,"506":0,"507":0,"508":0,"509":0,"510":0,"511":0,"512":0,"513":0,"514":0,"515":0,"516":0,"517":0,"518":0,"519":0,"520":0,"521":0,"522":0,"523":0,"524":0,"525":0,"526":0,"527":1,"528":0,"529":0,"530":0,"531":0,"532":0,"533":0,"534":0,"535":0,"536":0,"537":0,"538":0,"539":0,"540":0,"541":0,"542":0,"543":0,"544":0,"545":0,"546":0,"547":0,"548":0,"549":0,"550":0,"551":0,"552":0,"553":0,"554":0,"555":1,"556":0,"557":0,"558":0,"559":0,"560":0,"561":0,"562":0,"563":1,"564":0,"565":0,"566":0,"567":0,"568":0,"569":0,"570":0,"571":0,"572":0,"573":0,"574":0,"575":1,"576":0,"577":0,"578":0,"579":1,"580":0,"581":0,"582":0,"583":0,"584":0,"585":0,"586":0,"587":0,"588":1,"589":0,"590":0,"591":0,"592":0,"593":0,"594":0,"595":0,"596":0,"597":1,"598":0,"599":0,"600":0,"601":0,"602":0,"603":0,"604":1,"605":1,"606":0,"607":0,"608":1,"609":0,"610":0,"611":0,"612":0,"613":0,"614":1,"615":0,"616":0,"617":1,"618":0,"619":0,"620":0,"621":0,"622":0,"623":0,"624":0,"625":0,"626":0,"627":0,"628":0,"629":0,"630":0,"631":0,"632":0,"633":0,"634":0,"635":0,"636":0,"637":0,"638":0,"639":0,"640":0,"641":0,"642":0,"643":0,"644":0,"645":0,"646":0,"647":0,"648":0,"649":0,"650":0,"651":0,"652":0,"653":0,"654":0,"655":0,"656":0,"657":0,"658":1,"659":0,"660":1,"661":0,"662":0,"663":1,"664":0,"665":0,"666":0,"667":0,"668":0,"669":0,"670":0,"671":0,"672":0,"673":0,"674":0,"675":0,"676":0,"677":0,"678":0,"679":0,"680":1,"681":0,"682":0,"683":0,"684":0,"685":0,"686":0,"687":0,"688":0,"689":0,"690":0,"691":0,"692":0,"693":0,"694":0,"695":0,"696":0,"697":0,"698":0,"699":0,"700":0,"701":0,"702":0,"703":0,"704":0,"705":0,"706":0,"707":0,"708":0,"709":0,"710":0,"711":0,"712":0,"713":0,"714":0,"715":0,"716":0,"717":1,"718":0,"719":1,"720":0,"721":0,"722":0,"723":0,"724":0,"725":0,"726":0,"727":1,"728":0,"729":0,"730":0,"731":0,"732":1,"733":0,"734":0,"735":0,"736":0,"737":0,"738":0,"739":0,"740":0,"741":0,"742":0,"743":0,"744":0,"745":1,"746":0,"747":0,"748":0,"749":0,"750":0,"751":0,"752":0,"753":0,"754":0,"755":0,"756":0,"757":0,"758":0,"759":0,"760":0,"761":0,"762":0,"763":0,"764":0,"765":0,"766":0,"767":0,"768":0,"769":0,"770":0,"771":0,"772":0,"773":0,"774":0,"775":0,"776":0,"777":0,"778":0,"779":0,"780":0,"781":0,"782":0,"783":0,"784":0,"785":0,"786":0,"787":1,"788":0,"789":0,"790":0,"791":0,"792":0,"793":0,"794":0,"795":0,"796":0,"797":0,"798":0,"799":0,"800":0,"801":0,"802":0,"803":0,"804":0,"805":0,"806":0,"807":0,"808":0,"809":0,"810":0,"811":0,"812":0,"813":0,"814":0,"815":0,"816":0,"817":0,"818":0,"819":0,"820":0,"821":0,"822":0,"823":0,"824":1,"825":0,"826":1,"827":0,"828":0,"829":0,"830":0,"831":0,"832":0,"833":0,"834":0,"835":0,"836":0,"837":0,"838":0,"839":0,"840":0,"841":0,"842":0,"843":0,"844":0,"845":0,"846":0,"847":0,"848":0,"849":0,"850":0,"851":1,"852":0,"853":0,"854":0,"855":1,"856":0,"857":0,"858":0,"859":1,"860":0,"861":0,"862":0,"863":0,"864":0,"865":0,"866":0,"867":0,"868":0,"869":0,"870":0,"871":0,"872":0,"873":0,"874":0,"875":0,"876":0,"877":0,"878":0,"879":0,"880":1,"881":0,"882":1,"883":0,"884":0,"885":0,"886":0,"887":0,"888":0,"889":0,"890":0,"891":0,"892":0,"893":0,"894":0,"895":0,"896":0,"897":0,"898":0,"899":1,"900":0,"901":0,"902":0,"903":0,"904":0,"905":0,"906":0,"907":0,"908":0,"909":1,"910":0,"911":0,"912":0,"913":0,"914":0,"915":0,"916":0,"917":1,"918":0,"919":0,"920":0,"921":0,"922":0,"923":1,"924":0,"925":0,"926":0,"927":0,"928":0,"929":0,"930":0,"931":0,"932":0,"933":0,"934":0,"935":0,"936":0,"937":0,"938":0,"939":0,"940":0,"941":0,"942":0,"943":0,"944":0,"945":0,"946":0,"947":0,"948":0,"949":0,"950":0,"951":0,"952":0,"953":0,"954":0,"955":0,"956":0,"957":0,"958":0,"959":0,"960":0,"961":0,"962":0,"963":0,"964":0,"965":0,"966":0,"967":0,"968":0,"969":0,"970":0,"971":0,"972":0,"973":0,"974":0,"975":0,"976":0,"977":0,"978":0,"979":0,"980":0,"981":0,"982":0,"983":0,"984":0,"985":0,"986":0,"987":0,"988":0,"989":0,"990":0,"991":0,"992":0,"993":0,"994":0,"995":0,"996":0,"997":0,"998":0,"999":0,"1000":0,"1001":0,"1002":0,"1003":0,"1004":0,"1005":0,"1006":0,"1007":0,"1008":0,"1009":0,"1010":0,"1011":0,"1012":0,"1013":0,"1014":0,"1015":0,"1016":0,"1017":0,"1018":0,"1019":0,"1020":0,"1021":0,"1022":0,"1023":0,"1024":0,"1025":0,"1026":0,"1027":0,"1028":0,"1029":0,"1030":0,"1031":0,"1032":0,"1033":0,"1034":0,"1035":0,"1036":0,"1037":0,"1038":0,"1039":0,"1040":0,"1041":0,"1042":0,"1043":0,"1044":0,"1045":0,"1046":0,"1047":0,"1048":0,"1049":0,"1050":0,"1051":0,"1052":0,"1053":0,"1054":0,"1055":0,"1056":0,"1057":0,"1058":0,"1059":0,"1060":0,"1061":0,"1062":0,"1063":0,"1064":0,"1065":0,"1066":0,"1067":0,"1068":0,"1069":0,"1070":0,"1071":0,"1072":0,"1073":0,"1074":0,"1075":0,"1076":0,"1077":0,"1078":0,"1079":0,"1080":0,"1081":0,"1082":0,"1083":0,"1084":0,"1085":0,"1086":0,"1087":0,"1088":0,"1089":0,"1090":0,"1091":0,"1092":0,"1093":0,"1094":0,"1095":0,"1096":0,"1097":0,"1098":0,"1099":0,"1100":0,"1101":0,"1102":0,"1103":0,"1104":0,"1105":0,"1106":1,"1107":0,"1108":0,"1109":0,"1110":0,"1111":0,"1112":0,"1113":0,"1114":1,"1115":0,"1116":0,"1117":0,"1118":0,"1119":0,"1120":0,"1121":0,"1122":0,"1123":0,"1124":0,"1125":0,"1126":0,"1127":0,"1128":0,"1129":0,"1130":0,"1131":0,"1132":0,"1133":0,"1134":1,"1135":1,"1136":1,"1137":0,"1138":0,"1139":0,"1140":0,"1141":0,"1142":0,"1143":0,"1144":0,"1145":0,"1146":0,"1147":0,"1148":0,"1149":1,"1150":0,"1151":0,"1152":1,"1153":0,"1154":0,"1155":0,"1156":0,"1157":0,"1158":0,"1159":0,"1160":1,"1161":0,"1162":0,"1163":0,"1164":0,"1165":0,"1166":0,"1167":0,"1168":0,"1169":0,"1170":0,"1171":0,"1172":1,"1173":1,"1174":0,"1175":0,"1176":0,"1177":0,"1178":0,"1179":0,"1180":1,"1181":0,"1182":0,"1183":0,"1184":0,"1185":0,"1186":0,"1187":0,"1188":0,"1189":0,"1190":0,"1191":0,"1192":0,"1193":0,"1194":0,"1195":0,"1196":0,"1197":0,"1198":0,"1199":0,"1200":0,"1201":0,"1202":0,"1203":0,"1204":0,"1205":0,"1206":0,"1207":0,"1208":0,"1209":1,"1210":0,"1211":0,"1212":0,"1213":0,"1214":0,"1215":0,"1216":0,"1217":0,"1218":0,"1219":0,"1220":0,"1221":0,"1222":0,"1223":1,"1224":0,"1225":0,"1226":0,"1227":0,"1228":0,"1229":0,"1230":0,"1231":0,"1232":0,"1233":0,"1234":0,"1235":0,"1236":0,"1237":0,"1238":0,"1239":0,"1240":0,"1241":0,"1242":0,"1243":0,"1244":0,"1245":0,"1246":0,"1247":1,"1248":0,"1249":0,"1250":0,"1251":0,"1252":0,"1253":0,"1254":0,"1255":0,"1256":0,"1257":0,"1258":0,"1259":0,"1260":0,"1261":0,"1262":0,"1263":0,"1264":0,"1265":0,"1266":0,"1267":0,"1268":0,"1269":0,"1270":0,"1271":0,"1272":0,"1273":0,"1274":0,"1275":0,"1276":1,"1277":0,"1278":0,"1279":0,"1280":0,"1281":0,"1282":1,"1283":0,"1284":0,"1285":0,"1286":0,"1287":0,"1288":0,"1289":0,"1290":1,"1291":0,"1292":0,"1293":0,"1294":1,"1295":0,"1296":0,"1297":0,"1298":1,"1299":0,"1300":0,"1301":0,"1302":0,"1303":0,"1304":0,"1305":0,"1306":0,"1307":0,"1308":0,"1309":1,"1310":0,"1311":0,"1312":1,"1313":0,"1314":0,"1315":0,"1316":0,"1317":0,"1318":0,"1319":0,"1320":0,"1321":0,"1322":0,"1323":0,"1324":0,"1325":0,"1326":0,"1327":0,"1328":0,"1329":0,"1330":0,"1331":0,"1332":0,"1333":0,"1334":0,"1335":0,"1336":0,"1337":0,"1338":0,"1339":0,"1340":0,"1341":0,"1342":0,"1343":0,"1344":0,"1345":1,"1346":0,"1347":0,"1348":0,"1349":0,"1350":0,"1351":0,"1352":0,"1353":0,"1354":0,"1355":1,"1356":0,"1357":0,"1358":0,"1359":0,"1360":0,"1361":0,"1362":0,"1363":0,"1364":0,"1365":0,"1366":0,"1367":0,"1368":0,"1369":0,"1370":0,"1371":0,"1372":0,"1373":0,"1374":0,"1375":0,"1376":1,"1377":0,"1378":0,"1379":0,"1380":0,"1381":0,"1382":0,"1383":0,"1384":0,"1385":0,"1386":0,"1387":0,"1388":0,"1389":0,"1390":0,"1391":0,"1392":0,"1393":0,"1394":0,"1395":1,"1396":0,"1397":0,"1398":0,"1399":0,"1400":0,"1401":0,"1402":0,"1403":0,"1404":0,"1405":1,"1406":0,"1407":0,"1408":0,"1409":0,"1410":0,"1411":0,"1412":0,"1413":0,"1414":1,"1415":0,"1416":0,"1417":0,"1418":0,"1419":0,"1420":0,"1421":0,"1422":1,"1423":0,"1424":0,"1425":1,"1426":0,"1427":1,"1428":0,"1429":1,"1430":0,"1431":0,"1432":0,"1433":0,"1434":1,"1435":0,"1436":0,"1437":0,"1438":0,"1439":0,"1440":1,"1441":0,"1442":0,"1443":0,"1444":0,"1445":0},"b":{"1":[1,0],"2":[1,1,1],"3":[0,0],"4":[0,0],"5":[0,0],"6":[0,0],"7":[0,0],"8":[0,0],"9":[0,0],"10":[0,0],"11":[0,0],"12":[0,0],"13":[0,0],"14":[0,0],"15":[0,0],"16":[0,0],"17":[0,0],"18":[0,0],"19":[0,0],"20":[0,0],"21":[0,0],"22":[0,0],"23":[0,0],"24":[0,0],"25":[0,0],"26":[0,0],"27":[0,0],"28":[0,0],"29":[0,0],"30":[0,0],"31":[0,0],"32":[0,0],"33":[0,0],"34":[0,0],"35":[0,0],"36":[0,0,0],"37":[0,0],"38":[0,0],"39":[0,0],"40":[0,0],"41":[0,0],"42":[0,0],"43":[0,0],"44":[0,0],"45":[0,0],"46":[0,0],"47":[0,0],"48":[0,0],"49":[0,0],"50":[0,0],"51":[0,0],"52":[0,0],"53":[0,0],"54":[0,0],"55":[0,0],"56":[0,0],"57":[0,0],"58":[0,0],"59":[0,0],"60":[0,0],"61":[0,0],"62":[0,0],"63":[0,0],"64":[0,0],"65":[0,0],"66":[0,0],"67":[0,0],"68":[0,0],"69":[0,0],"70":[0,0],"71":[0,0,0],"72":[0,0],"73":[0,0],"74":[0,0],"75":[0,0],"76":[0,0],"77":[0,0],"78":[0,0],"79":[0,0],"80":[0,0],"81":[0,0],"82":[0,0],"83":[0,0],"84":[0,0],"85":[0,0],"86":[0,0],"87":[0,0],"88":[0,0],"89":[0,0],"90":[0,0],"91":[0,0],"92":[0,0],"93":[0,0],"94":[0,0],"95":[0,0],"96":[0,0],"97":[0,0],"98":[0,0],"99":[0,0],"100":[0,0],"101":[0,0],"102":[0,0],"103":[0,0],"104":[0,0],"105":[0,0],"106":[0,0],"107":[0,0],"108":[0,0,0],"109":[0,0],"110":[0,0,0],"111":[0,0],"112":[0,0],"113":[0,0],"114":[0,0],"115":[0,0],"116":[0,0],"117":[0,0],"118":[0,0],"119":[0,0],"120":[0,0,0],"121":[0,0],"122":[0,0],"123":[0,0],"124":[0,0],"125":[0,0],"126":[0,0],"127":[0,0],"128":[0,0],"129":[0,0,0],"130":[0,0,0],"131":[0,0],"132":[0,0],"133":[0,0],"134":[0,0],"135":[0,0],"136":[0,0],"137":[0,0,0],"138":[0,0,0],"139":[0,0],"140":[0,0],"141":[0,0],"142":[0,0],"143":[0,0],"144":[0,0],"145":[0,0,0],"146":[0,0],"147":[0,0],"148":[0,0,0],"149":[0,0],"150":[0,0],"151":[0,0],"152":[0,0],"153":[0,0],"154":[0,0],"155":[0,0],"156":[0,0],"157":[0,0,0,0],"158":[0,0],"159":[0,0,0,0],"160":[0,0],"161":[0,0],"162":[0,0],"163":[0,0],"164":[0,0],"165":[0,0],"166":[0,0],"167":[0,0],"168":[0,0],"169":[0,0],"170":[0,0],"171":[0,0],"172":[0,0],"173":[0,0],"174":[0,0],"175":[0,0],"176":[0,0],"177":[0,0],"178":[0,0],"179":[0,0],"180":[0,0],"181":[0,0],"182":[0,0],"183":[0,0],"184":[0,0],"185":[0,0,0],"186":[0,0],"187":[0,0],"188":[0,0],"189":[0,0],"190":[0,0],"191":[0,0],"192":[0,0],"193":[0,0],"194":[0,0],"195":[0,0],"196":[0,0,0],"197":[0,0],"198":[0,0],"199":[0,0],"200":[0,0],"201":[0,0],"202":[0,0],"203":[0,0],"204":[0,0],"205":[0,0],"206":[0,0],"207":[0,0],"208":[0,0],"209":[0,0,0],"210":[0,0],"211":[0,0],"212":[0,0],"213":[0,0],"214":[0,0],"215":[0,0],"216":[0,0],"217":[0,0],"218":[0,0],"219":[0,0],"220":[0,0],"221":[0,0],"222":[0,0],"223":[0,0],"224":[0,0],"225":[0,0],"226":[0,0],"227":[0,0],"228":[0,0],"229":[0,0],"230":[0,0],"231":[0,0],"232":[0,0],"233":[0,0,0],"234":[0,0],"235":[0,0],"236":[0,0],"237":[0,0],"238":[0,0],"239":[0,0],"240":[0,0],"241":[0,0],"242":[0,0],"243":[0,0],"244":[0,0],"245":[0,0,0],"246":[0,0],"247":[0,0],"248":[0,0],"249":[0,0],"250":[0,0],"251":[0,0],"252":[0,0],"253":[0,0],"254":[0,0],"255":[0,0],"256":[0,0],"257":[0,0],"258":[0,0],"259":[0,0],"260":[0,0],"261":[0,0],"262":[0,0],"263":[0,0],"264":[0,0],"265":[0,0,0],"266":[0,0],"267":[0,0],"268":[0,0],"269":[0,0],"270":[0,0],"271":[0,0],"272":[0,0,0],"273":[0,0],"274":[0,0],"275":[0,0],"276":[0,0],"277":[0,0],"278":[0,0],"279":[0,0],"280":[0,0],"281":[0,0],"282":[0,0],"283":[0,0],"284":[0,0],"285":[0,0],"286":[0,0],"287":[0,0,0,0,0],"288":[0,0],"289":[0,0],"290":[0,0],"291":[0,0],"292":[0,0],"293":[0,0],"294":[0,0],"295":[0,0],"296":[0,0],"297":[0,0],"298":[0,0],"299":[0,0],"300":[0,0],"301":[0,0],"302":[0,0],"303":[0,0],"304":[0,0],"305":[0,0],"306":[0,0],"307":[0,0],"308":[0,0],"309":[0,0],"310":[0,0],"311":[0,0],"312":[0,0],"313":[0,0],"314":[0,0],"315":[0,0],"316":[0,0],"317":[0,0],"318":[0,0],"319":[0,0],"320":[0,0],"321":[0,0],"322":[0,0],"323":[0,0],"324":[0,0],"325":[0,0],"326":[0,0],"327":[0,0],"328":[0,0],"329":[0,0],"330":[0,0],"331":[0,0],"332":[0,0,0],"333":[0,0],"334":[0,0],"335":[0,0],"336":[0,0],"337":[0,0],"338":[0,0],"339":[0,0],"340":[0,0],"341":[0,0,0],"342":[0,0],"343":[0,0],"344":[0,0],"345":[0,0,0],"346":[0,0],"347":[0,0],"348":[0,0],"349":[0,0],"350":[0,0],"351":[0,0],"352":[0,0],"353":[0,0],"354":[0,0],"355":[0,0],"356":[0,0],"357":[0,0],"358":[0,0],"359":[0,0],"360":[0,0],"361":[0,0],"362":[0,0],"363":[0,0],"364":[0,0],"365":[0,0,0],"366":[0,0],"367":[0,0],"368":[0,0],"369":[0,0],"370":[0,0],"371":[0,0],"372":[0,0],"373":[0,0],"374":[0,0],"375":[0,0,0],"376":[0,0],"377":[0,0],"378":[0,0],"379":[0,0],"380":[0,0],"381":[0,0],"382":[0,0],"383":[0,0,0],"384":[0,0],"385":[0,0],"386":[0,0],"387":[0,0],"388":[0,0],"389":[0,0],"390":[0,0],"391":[0,0],"392":[0,0],"393":[0,0],"394":[0,0],"395":[0,0],"396":[0,0],"397":[0,0,0,0,0],"398":[0,0],"399":[0,0],"400":[0,0],"401":[0,0],"402":[0,0],"403":[0,0],"404":[0,0],"405":[0,0],"406":[0,0],"407":[0,0],"408":[0,0],"409":[0,0],"410":[0,0],"411":[0,0],"412":[0,0,0],"413":[0,0],"414":[0,0],"415":[0,0],"416":[0,0],"417":[0,0,0],"418":[0,0],"419":[0,0],"420":[0,0],"421":[0,0],"422":[0,0],"423":[0,0],"424":[0,0],"425":[0,0,0],"426":[0,0],"427":[0,0],"428":[0,0],"429":[0,0],"430":[0,0],"431":[0,0],"432":[0,0],"433":[0,0,0],"434":[0,0],"435":[0,0],"436":[0,0],"437":[0,0],"438":[0,0,0,0,0],"439":[0,0],"440":[0,0],"441":[0,0],"442":[0,0],"443":[0,0],"444":[0,0],"445":[0,0],"446":[0,0],"447":[0,0],"448":[0,0],"449":[0,0],"450":[0,0],"451":[0,0],"452":[0,0],"453":[0,0],"454":[0,0],"455":[0,0],"456":[0,0],"457":[0,0],"458":[0,0],"459":[0,0],"460":[0,0],"461":[0,0],"462":[0,0],"463":[0,0],"464":[0,0],"465":[0,0],"466":[0,0],"467":[0,0],"468":[0,0],"469":[0,0],"470":[0,0],"471":[0,0],"472":[0,0],"473":[0,0],"474":[0,0],"475":[0,0],"476":[0,0],"477":[0,0]},"f":{"1":0,"2":0,"3":0,"4":0,"5":0,"6":0,"7":0,"8":0,"9":0,"10":0,"11":0,"12":0,"13":0,"14":0,"15":0,"16":0,"17":0,"18":0,"19":0,"20":0,"21":0,"22":0,"23":0,"24":0,"25":0,"26":0,"27":0,"28":0,"29":0,"30":0,"31":0,"32":0,"33":0,"34":0,"35":0,"36":0,"37":0,"38":0,"39":0,"40":0,"41":0,"42":0,"43":0,"44":0,"45":0,"46":0,"47":0,"48":0,"49":0,"50":0,"51":0,"52":0,"53":0,"54":0,"55":0,"56":0,"57":0,"58":0,"59":0,"60":0,"61":0,"62":0,"63":0,"64":0,"65":0,"66":0,"67":0,"68":0,"69":0,"70":0,"71":0,"72":0,"73":0,"74":0,"75":0,"76":0,"77":0,"78":0,"79":0,"80":0,"81":0,"82":0,"83":0,"84":0,"85":0,"86":0,"87":0,"88":0,"89":0,"90":0,"91":0,"92":0,"93":0,"94":0,"95":0,"96":0,"97":0,"98":0,"99":0,"100":0,"101":0,"102":0,"103":0,"104":0,"105":0,"106":0,"107":0,"108":0,"109":0,"110":0,"111":0,"112":0,"113":0,"114":0,"115":0,"116":0,"117":0,"118":0,"119":0,"120":0,"121":0,"122":0,"123":0,"124":0,"125":0,"126":0,"127":0,"128":0,"129":0,"130":0,"131":0,"132":0,"133":0,"134":0,"135":0,"136":0,"137":0,"138":0,"139":0,"140":0,"141":0,"142":0,"143":0,"144":0,"145":0,"146":0,"147":0,"148":0,"149":0,"150":0,"151":0,"152":0,"153":0,"154":0,"155":0,"156":0,"157":0,"158":0,"159":0,"160":0,"161":0,"162":0,"163":0,"164":0,"165":0,"166":0,"167":0,"168":0,"169":0,"170":0,"171":0,"172":0,"173":0,"174":0,"175":0,"176":0,"177":0,"178":0,"179":0,"180":0,"181":0,"182":0,"183":0,"184":0,"185":0,"186":0,"187":0,"188":0,"189":0,"190":0,"191":0,"192":0,"193":0,"194":0,"195":0,"196":0,"197":0,"198":0,"199":0,"200":0,"201":0,"202":0,"203":0,"204":0,"205":0,"206":0,"207":0,"208":0,"209":0,"210":0,"211":0,"212":0,"213":0,"214":0,"215":0,"216":0,"217":0,"218":0,"219":0,"220":0,"221":0,"222":0,"223":0,"224":0,"225":0,"226":0,"227":0,"228":0,"229":0,"230":0,"231":0,"232":0,"233":0,"234":0,"235":0,"236":0,"237":0,"238":0,"239":0,"240":0,"241":0,"242":0,"243":0,"244":0,"245":0,"246":0,"247":0,"248":0,"249":0,"250":0,"251":0,"252":0,"253":0,"254":0,"255":0,"256":0,"257":0,"258":0,"259":0,"260":0,"261":0,"262":0,"263":0,"264":0,"265":0,"266":0,"267":0,"268":0,"269":0,"270":0,"271":0,"272":0,"273":0,"274":0,"275":0,"276":0,"277":0,"278":0,"279":0,"280":0,"281":0,"282":0,"283":0,"284":0,"285":0,"286":0,"287":0,"288":0,"289":0},"fnMap":{"1":{"name":"(anonymous_1)","line":13,"loc":{"start":{"line":13,"column":1},"end":{"line":13,"column":39}}},"2":{"name":"inherit","line":28,"loc":{"start":{"line":28,"column":0},"end":{"line":28,"column":32}}},"3":{"name":"(anonymous_3)","line":29,"loc":{"start":{"line":29,"column":28},"end":{"line":29,"column":39}}},"4":{"name":"merge","line":32,"loc":{"start":{"line":32,"column":0},"end":{"line":32,"column":20}}},"5":{"name":"(anonymous_5)","line":33,"loc":{"start":{"line":33,"column":21},"end":{"line":33,"column":35}}},"6":{"name":"(anonymous_6)","line":35,"loc":{"start":{"line":35,"column":19},"end":{"line":35,"column":40}}},"7":{"name":"ancestors","line":50,"loc":{"start":{"line":50,"column":0},"end":{"line":50,"column":34}}},"8":{"name":"objectKeys","line":66,"loc":{"start":{"line":66,"column":0},"end":{"line":66,"column":28}}},"9":{"name":"(anonymous_9)","line":72,"loc":{"start":{"line":72,"column":18},"end":{"line":72,"column":37}}},"10":{"name":"indexOf","line":85,"loc":{"start":{"line":85,"column":0},"end":{"line":85,"column":31}}},"11":{"name":"inheritParams","line":109,"loc":{"start":{"line":109,"column":0},"end":{"line":109,"column":64}}},"12":{"name":"equalForKeys","line":135,"loc":{"start":{"line":135,"column":0},"end":{"line":135,"column":34}}},"13":{"name":"filterByKeys","line":155,"loc":{"start":{"line":155,"column":0},"end":{"line":155,"column":36}}},"14":{"name":"(anonymous_14)","line":158,"loc":{"start":{"line":158,"column":16},"end":{"line":158,"column":32}}},"15":{"name":"indexBy","line":166,"loc":{"start":{"line":166,"column":0},"end":{"line":166,"column":34}}},"16":{"name":"(anonymous_16)","line":168,"loc":{"start":{"line":168,"column":17},"end":{"line":168,"column":32}}},"17":{"name":"pick","line":176,"loc":{"start":{"line":176,"column":0},"end":{"line":176,"column":19}}},"18":{"name":"(anonymous_18)","line":179,"loc":{"start":{"line":179,"column":16},"end":{"line":179,"column":30}}},"19":{"name":"omit","line":187,"loc":{"start":{"line":187,"column":0},"end":{"line":187,"column":19}}},"20":{"name":"pluck","line":196,"loc":{"start":{"line":196,"column":0},"end":{"line":196,"column":32}}},"21":{"name":"(anonymous_21)","line":199,"loc":{"start":{"line":199,"column":22},"end":{"line":199,"column":39}}},"22":{"name":"filter","line":205,"loc":{"start":{"line":205,"column":0},"end":{"line":205,"column":38}}},"23":{"name":"(anonymous_23)","line":208,"loc":{"start":{"line":208,"column":22},"end":{"line":208,"column":39}}},"24":{"name":"map","line":216,"loc":{"start":{"line":216,"column":0},"end":{"line":216,"column":35}}},"25":{"name":"(anonymous_25)","line":219,"loc":{"start":{"line":219,"column":22},"end":{"line":219,"column":39}}},"26":{"name":"silenceUncaughtInPromise","line":226,"loc":{"start":{"line":226,"column":0},"end":{"line":226,"column":44}}},"27":{"name":"(anonymous_27)","line":227,"loc":{"start":{"line":227,"column":33},"end":{"line":227,"column":44}}},"28":{"name":"$Resolve","line":324,"loc":{"start":{"line":324,"column":0},"end":{"line":324,"column":38}}},"29":{"name":"(anonymous_29)","line":354,"loc":{"start":{"line":354,"column":15},"end":{"line":354,"column":37}}},"30":{"name":"visit","line":360,"loc":{"start":{"line":360,"column":4},"end":{"line":360,"column":31}}},"31":{"name":"(anonymous_31)","line":371,"loc":{"start":{"line":371,"column":25},"end":{"line":371,"column":36}}},"32":{"name":"(anonymous_32)","line":374,"loc":{"start":{"line":374,"column":24},"end":{"line":374,"column":41}}},"33":{"name":"isResolve","line":386,"loc":{"start":{"line":386,"column":4},"end":{"line":386,"column":30}}},"34":{"name":"(anonymous_34)","line":390,"loc":{"start":{"line":390,"column":11},"end":{"line":390,"column":43}}},"35":{"name":"done","line":414,"loc":{"start":{"line":414,"column":6},"end":{"line":414,"column":22}}},"36":{"name":"fail","line":425,"loc":{"start":{"line":425,"column":6},"end":{"line":425,"column":28}}},"37":{"name":"invoke","line":460,"loc":{"start":{"line":460,"column":6},"end":{"line":460,"column":46}}},"38":{"name":"onfailure","line":463,"loc":{"start":{"line":463,"column":8},"end":{"line":463,"column":35}}},"39":{"name":"(anonymous_39)","line":469,"loc":{"start":{"line":469,"column":24},"end":{"line":469,"column":39}}},"40":{"name":"(anonymous_40)","line":472,"loc":{"start":{"line":472,"column":31},"end":{"line":472,"column":49}}},"41":{"name":"proceed","line":479,"loc":{"start":{"line":479,"column":8},"end":{"line":479,"column":27}}},"42":{"name":"(anonymous_42)","line":483,"loc":{"start":{"line":483,"column":36},"end":{"line":483,"column":54}}},"43":{"name":"(anonymous_43)","line":560,"loc":{"start":{"line":560,"column":17},"end":{"line":560,"column":61}}},"44":{"name":"TemplateFactoryProvider","line":578,"loc":{"start":{"line":578,"column":0},"end":{"line":578,"column":35}}},"45":{"name":"(anonymous_45)","line":599,"loc":{"start":{"line":599,"column":31},"end":{"line":599,"column":47}}},"46":{"name":"(anonymous_46)","line":614,"loc":{"start":{"line":614,"column":55},"end":{"line":614,"column":97}}},"47":{"name":"TemplateFactory","line":630,"loc":{"start":{"line":630,"column":0},"end":{"line":630,"column":82}}},"48":{"name":"(anonymous_48)","line":657,"loc":{"start":{"line":657,"column":20},"end":{"line":657,"column":54}}},"49":{"name":"(anonymous_49)","line":681,"loc":{"start":{"line":681,"column":20},"end":{"line":681,"column":48}}},"50":{"name":"(anonymous_50)","line":699,"loc":{"start":{"line":699,"column":17},"end":{"line":699,"column":40}}},"51":{"name":"(anonymous_51)","line":708,"loc":{"start":{"line":708,"column":16},"end":{"line":708,"column":35}}},"52":{"name":"(anonymous_52)","line":728,"loc":{"start":{"line":728,"column":22},"end":{"line":728,"column":58}}},"53":{"name":"UrlMatcher","line":802,"loc":{"start":{"line":802,"column":0},"end":{"line":802,"column":52}}},"54":{"name":"addParameter","line":826,"loc":{"start":{"line":826,"column":2},"end":{"line":826,"column":52}}},"55":{"name":"quoteRegExp","line":835,"loc":{"start":{"line":835,"column":2},"end":{"line":835,"column":58}}},"56":{"name":"matchDetails","line":853,"loc":{"start":{"line":853,"column":2},"end":{"line":853,"column":37}}},"57":{"name":"(anonymous_57)","line":933,"loc":{"start":{"line":933,"column":30},"end":{"line":933,"column":57}}},"58":{"name":"(anonymous_58)","line":945,"loc":{"start":{"line":945,"column":32},"end":{"line":945,"column":44}}},"59":{"name":"(anonymous_59)","line":973,"loc":{"start":{"line":973,"column":28},"end":{"line":973,"column":58}}},"60":{"name":"decodePathArray","line":984,"loc":{"start":{"line":984,"column":2},"end":{"line":984,"column":35}}},"61":{"name":"reverseString","line":985,"loc":{"start":{"line":985,"column":4},"end":{"line":985,"column":32}}},"62":{"name":"unquoteDashes","line":986,"loc":{"start":{"line":986,"column":4},"end":{"line":986,"column":32}}},"63":{"name":"(anonymous_63)","line":1032,"loc":{"start":{"line":1032,"column":34},"end":{"line":1032,"column":51}}},"64":{"name":"(anonymous_64)","line":1049,"loc":{"start":{"line":1049,"column":33},"end":{"line":1049,"column":51}}},"65":{"name":"(anonymous_65)","line":1072,"loc":{"start":{"line":1072,"column":30},"end":{"line":1072,"column":48}}},"66":{"name":"encodeDashes","line":1079,"loc":{"start":{"line":1079,"column":2},"end":{"line":1079,"column":29}}},"67":{"name":"(anonymous_67)","line":1080,"loc":{"start":{"line":1080,"column":49},"end":{"line":1080,"column":61}}},"68":{"name":"Type","line":1154,"loc":{"start":{"line":1154,"column":0},"end":{"line":1154,"column":22}}},"69":{"name":"(anonymous_69)","line":1173,"loc":{"start":{"line":1173,"column":20},"end":{"line":1173,"column":39}}},"70":{"name":"(anonymous_70)","line":1192,"loc":{"start":{"line":1192,"column":24},"end":{"line":1192,"column":43}}},"71":{"name":"(anonymous_71)","line":1209,"loc":{"start":{"line":1209,"column":24},"end":{"line":1209,"column":43}}},"72":{"name":"(anonymous_72)","line":1225,"loc":{"start":{"line":1225,"column":24},"end":{"line":1225,"column":39}}},"73":{"name":"(anonymous_73)","line":1229,"loc":{"start":{"line":1229,"column":29},"end":{"line":1229,"column":40}}},"74":{"name":"(anonymous_74)","line":1236,"loc":{"start":{"line":1236,"column":26},"end":{"line":1236,"column":37}}},"75":{"name":"(anonymous_75)","line":1239,"loc":{"start":{"line":1239,"column":28},"end":{"line":1239,"column":42}}},"76":{"name":"(anonymous_76)","line":1253,"loc":{"start":{"line":1253,"column":26},"end":{"line":1253,"column":51}}},"77":{"name":"ArrayType","line":1257,"loc":{"start":{"line":1257,"column":2},"end":{"line":1257,"column":33}}},"78":{"name":"bindTo","line":1258,"loc":{"start":{"line":1258,"column":4},"end":{"line":1258,"column":40}}},"79":{"name":"(anonymous_79)","line":1259,"loc":{"start":{"line":1259,"column":13},"end":{"line":1259,"column":24}}},"80":{"name":"arrayWrap","line":1265,"loc":{"start":{"line":1265,"column":4},"end":{"line":1265,"column":28}}},"81":{"name":"arrayUnwrap","line":1267,"loc":{"start":{"line":1267,"column":4},"end":{"line":1267,"column":30}}},"82":{"name":"falsey","line":1274,"loc":{"start":{"line":1274,"column":4},"end":{"line":1274,"column":25}}},"83":{"name":"arrayHandler","line":1277,"loc":{"start":{"line":1277,"column":4},"end":{"line":1277,"column":51}}},"84":{"name":"handleArray","line":1278,"loc":{"start":{"line":1278,"column":13},"end":{"line":1278,"column":39}}},"85":{"name":"arrayEqualsHandler","line":1289,"loc":{"start":{"line":1289,"column":4},"end":{"line":1289,"column":42}}},"86":{"name":"handleArray","line":1290,"loc":{"start":{"line":1290,"column":13},"end":{"line":1290,"column":46}}},"87":{"name":"$UrlMatcherFactory","line":1323,"loc":{"start":{"line":1323,"column":0},"end":{"line":1323,"column":30}}},"88":{"name":"valToString","line":1332,"loc":{"start":{"line":1332,"column":2},"end":{"line":1332,"column":28}}},"89":{"name":"(anonymous_89)","line":1332,"loc":{"start":{"line":1332,"column":85},"end":{"line":1332,"column":98}}},"90":{"name":"valFromString","line":1333,"loc":{"start":{"line":1333,"column":2},"end":{"line":1333,"column":30}}},"91":{"name":"(anonymous_91)","line":1333,"loc":{"start":{"line":1333,"column":89},"end":{"line":1333,"column":102}}},"92":{"name":"(anonymous_92)","line":1341,"loc":{"start":{"line":1341,"column":10},"end":{"line":1341,"column":24}}},"93":{"name":"(anonymous_93)","line":1346,"loc":{"start":{"line":1346,"column":14},"end":{"line":1346,"column":28}}},"94":{"name":"(anonymous_94)","line":1347,"loc":{"start":{"line":1347,"column":10},"end":{"line":1347,"column":24}}},"95":{"name":"(anonymous_95)","line":1351,"loc":{"start":{"line":1351,"co
[...]
hookFn);","      });","    }","  };","}","","","/**"," * @ngdoc directive"," * @name ui.router.state.directive:ui-sref-active"," *"," * @requires ui.router.state.$state"," * @requires ui.router.state.$stateParams"," * @requires $interpolate"," *"," * @restrict A"," *"," * @description"," * A directive working alongside ui-sref to add classes to an element when the"," * related ui-sref directive's state is active, and removing them when it is inactive."," * The primary use-case is to simplify the special appearance of navigation menus"," * relying on `ui-sref`, by having the \"active\" state's menu button appear different,"," * distinguishing it from the inactive menu items."," *"," * ui-sref-active can live on the same element as ui-sref or on a parent element. The first"," * ui-sref-active found at the same level or above the ui-sref will be used."," *"," * Will activate when the ui-sref's target state or any child state is active. If you"," * need to activate only when the ui-sref target state is active and *not* any of"," * it's children, then you will use"," * {@link ui.router.state.directive:ui-sref-active-eq ui-sref-active-eq}"," *"," * @example"," * Given the following template:"," * <pre>"," * <ul>"," *   <li ui-sref-active=\"active\" class=\"item\">"," *     <a href ui-sref=\"app.user({user: 'bilbobaggins'})\">@bilbobaggins</a>"," *   </li>"," * </ul>"," * </pre>"," *"," *"," * When the app state is \"app.user\" (or any children states), and contains the state parameter \"user\" with value \"bilbobaggins\","," * the resulting HTML will appear as (note the 'active' class):"," * <pre>"," * <ul>"," *   <li ui-sref-active=\"active\" class=\"item active\">"," *     <a ui-sref=\"app.user({user: 'bilbobaggins'})\" href=\"/users/bilbobaggins\">@bilbobaggins</a>"," *   </li>"," * </ul>"," * </pre>"," *"," * The class name is interpolated **once** during the directives link time (any further changes to the"," * interpolated value are ignored)."," *"," * Multiple classes may be specified in a space-separated format:"," * <pre>"," * <ul>"," *   <li ui-sref-active='class1 class2 class3'>"," *     <a ui-sref=\"app.user\">link</a>"," *   </li>"," * </ul>"," * </pre>"," *"," * It is also possible to pass ui-sref-active an expression that evaluates"," * to an object hash, whose keys represent active class names and whose"," * values represent the respective state names/globs."," * ui-sref-active will match if the current active state **includes** any of"," * the specified state names/globs, even the abstract ones."," *"," * @Example"," * Given the following template, with \"admin\" being an abstract state:"," * <pre>"," * <div ui-sref-active=\"{'active': 'admin.*'}\">"," *   <a ui-sref-active=\"active\" ui-sref=\"admin.roles\">Roles</a>"," * </div>"," * </pre>"," *"," * When the current state is \"admin.roles\" the \"active\" class will be applied"," * to both the <div> and <a> elements. It is important to note that the state"," * names/globs passed to ui-sref-active shadow the state provided by ui-sref."," */","","/**"," * @ngdoc directive"," * @name ui.router.state.directive:ui-sref-active-eq"," *"," * @requires ui.router.state.$state"," * @requires ui.router.state.$stateParams"," * @requires $interpolate"," *"," * @restrict A"," *"," * @description"," * The same as {@link ui.router.state.directive:ui-sref-active ui-sref-active} but will only activate"," * when the exact target state used in the `ui-sref` is active; no child states."," *"," */","$StateRefActiveDirective.$inject = ['$state', '$stateParams', '$interpolate'];","function $StateRefActiveDirective($state, $stateParams, $interpolate) {","  return  {","    restrict: \"A\",","    controller: ['$scope', '$element', '$attrs', '$timeout', function ($scope, $element, $attrs, $timeout) {","      var states = [], activeClasses = {}, activeEqClass, uiSrefActive;","","      // There probably isn't much point in $observing this","      // uiSrefActive and uiSrefActiveEq share the same directive object with some","      // slight difference in logic routing","      activeEqClass = $interpolate($attrs.uiSrefActiveEq || '', false)($scope);","","      try {","        uiSrefActive = $scope.$eval($attrs.uiSrefActive);","      } catch (e) {","        // Do nothing. uiSrefActive is not a valid expression.","        // Fall back to using $interpolate below","      }","      uiSrefActive = uiSrefActive || $interpolate($attrs.uiSrefActive || '', false)($scope);","      if (isObject(uiSrefActive)) {","        forEach(uiSrefActive, function(stateOrName, activeClass) {","          if (isString(stateOrName)) {","            var ref = parseStateRef(stateOrName, $state.current.name);","            addState(ref.state, $scope.$eval(ref.paramExpr), activeClass);","          }","        });","      }","","      // Allow uiSref to communicate with uiSrefActive[Equals]","      this.$$addStateInfo = function (newState, newParams) {","        // we already got an explicit state provided by ui-sref-active, so we","        // shadow the one that comes from ui-sref","        if (isObject(uiSrefActive) && states.length > 0) {","          return;","        }","        var deregister = addState(newState, newParams, uiSrefActive);","        update();","        return deregister;","      };","","      $scope.$on('$stateChangeSuccess', update);","","      function addState(stateName, stateParams, activeClass) {","        var state = $state.get(stateName, stateContext($element));","        var stateHash = createStateHash(stateName, stateParams);","","        var stateInfo = {","          state: state || { name: stateName },","          params: stateParams,","          hash: stateHash","        };","","        states.push(stateInfo);","        activeClasses[stateHash] = activeClass;","","        return function removeState() {","          var idx = states.indexOf(stateInfo);","          if (idx !== -1) states.splice(idx, 1);","        };","      }","","      /**","       * @param {string} state","       * @param {Object|string} [params]","       * @return {string}","       */","      function createStateHash(state, params) {","        if (!isString(state)) {","          throw new Error('state should be a string');","        }","        if (isObject(params)) {","          return state + toJson(params);","        }","        params = $scope.$eval(params);","        if (isObject(params)) {","          return state + toJson(params);","        }","        return state;","      }","","      // Update route state","      function update() {","        for (var i = 0; i < states.length; i++) {","          if (anyMatch(states[i].state, states[i].params)) {","            addClass($element, activeClasses[states[i].hash]);","          } else {","            removeClass($element, activeClasses[states[i].hash]);","          }","","          if (exactMatch(states[i].state, states[i].params)) {","            addClass($element, activeEqClass);","          } else {","            removeClass($element, activeEqClass);","          }","        }","      }","","      function addClass(el, className) { $timeout(function () { el.addClass(className); }); }","      function removeClass(el, className) { el.removeClass(className); }","      function anyMatch(state, params) { return $state.includes(state.name, params); }","      function exactMatch(state, params) { return $state.is(state.name, params); }","","      update();","    }]","  };","}","","angular.module('ui.router.state')","  .directive('uiSref', $StateRefDirective)","  .directive('uiSrefActive', $StateRefActiveDirective)","  .directive('uiSrefActiveEq', $StateRefActiveDirective)","  .directive('uiState', $StateRefDynamicDirective);","","/**"," * @ngdoc filter"," * @name ui.router.state.filter:isState"," *"," * @requires ui.router.state.$state"," *"," * @description"," * Translates to {@link ui.router.state.$state#methods_is $state.is(\"stateName\")}."," */","$IsStateFilter.$inject = ['$state'];","function $IsStateFilter($state) {","  var isFilter = function (state, params) {","    return $state.is(state, params);","  };","  isFilter.$stateful = true;","  return isFilter;","}","","/**"," * @ngdoc filter"," * @name ui.router.state.filter:includedByState"," *"," * @requires ui.router.state.$state"," *"," * @description"," * Translates to {@link ui.router.state.$state#methods_includes $state.includes('fullOrPartialStateName')}."," */","$IncludedByStateFilter.$inject = ['$state'];","function $IncludedByStateFilter($state) {","  var includesFilter = function (state, params, options) {","    return $state.includes(state, params, options);","  };","  includesFilter.$stateful = true;","  return  includesFilter;","}","","angular.module('ui.router.state')","  .filter('isState', $IsStateFilter)","  .filter('includedByState', $IncludedByStateFilter);","})(window, window.angular);"],"l":{"9":1,"10":1,"13":1,"18":0,"28":1,"29":0,"32":1,"33":0,"34":0,"35":0,"36":0,"40":0,"50":1,"51":0,"53":0,"54":0,"55":0,"57":0,"66":1,"67":0,"68":0,"70":0,"72":0,"73":0,"75":0,"85":1,"86":0,"87":0,"89":0,"90":0,"92":0,"94":0,"95":0,"97":0,"109":1,"110":0,"112":0,"113":0,"114":0,"115":0,"117":0,"118":0,"119":0,"120":0,"123":0,"135":1,"136":0,"137":0,"138":0,"141":0,"142":0,"143":0,"145":0,"155":1,"156":0,"158":0,"159":0,"161":0,"166":1,"167":0,"168":0,"169":0,"171":0,"176":1,"177":0,"178":0,"179":0,"180":0,"182":0,"187":1,"188":0,"189":0,"190":0,"191":0,"193":0,"196":1,"197":0,"199":0,"200":0,"202":0,"205":1,"206":0,"207":0,"208":0,"209":0,"210":0,"213":0,"216":1,"217":0,"219":0,"220":0,"222":0,"226":1,"227":0,"241":0,"255":0,"271":0,"309":0,"311":0,"323":0,"324":1,"326":0,"354":0,"355":0,"356":0,"359":0,"360":1,"361":0,"363":0,"364":0,"365":0,"366":0,"368":0,"370":0,"371":0,"373":0,"374":0,"375":0,"377":0,"380":0,"381":0,"383":0,"384":0,"386":1,"387":0,"390":0,"391":0,"392":0,"394":0,"395":0,"396":0,"398":0,"399":0,"400":0,"405":0,"412":0,"414":1,"416":0,"417":0,"418":0,"419":0,"420":0,"421":0,"425":1,"426":0,"427":0,"431":0,"432":0,"433":0,"436":0,"437":0,"442":0,"443":0,"444":0,"445":0,"446":0,"448":0,"449":0,"451":0,"455":0,"456":0,"457":0,"460":1,"462":0,"463":1,"464":0,"465":0,"469":0,"470":0,"471":0,"472":0,"473":0,"474":0,"478":0,"479":1,"480":0,"481":0,"482":0,"483":0,"484":0,"485":0,"488":0,"492":0,"495":0,"560":0,"561":0,"565":0,"578":1,"579":0,"599":0,"600":0,"614":0,"615":0,"630":1,"657":0,"658":0,"681":0,"682":0,"699":0,"700":0,"701":0,"703":0,"704":0,"706":0,"708":0,"728":0,"729":0,"733":0,"735":0,"802":1,"803":0,"818":0,"826":1,"827":0,"828":0,"829":0,"830":0,"831":0,"832":0,"835":1,"836":0,"837":0,"838":0,"839":0,"841":0,"842":0,"843":0,"844":0,"846":0,"849":0,"853":1,"854":0,"855":0,"856":0,"857":0,"858":0,"860":0,"861":0,"864":0,"869":0,"870":0,"871":0,"872":0,"874":0,"875":0,"876":0,"877":0,"879":0,"882":0,"884":0,"885":0,"886":0,"887":0,"889":0,"890":0,"891":0,"892":0,"893":0,"894":0,"899":0,"900":0,"903":0,"904":0,"906":0,"907":0,"908":0,"933":0,"937":0,"942":0,"945":0,"946":0,"973":0,"974":0,"975":0,"976":0,"978":0,"982":0,"984":1,"985":1,"986":1,"988":0,"989":0,"990":0,"993":0,"994":0,"995":0,"996":0,"997":0,"999":0,"1000":0,"1002":0,"1003":0,"1004":0,"1006":0,"1007":0,"1008":0,"1009":0,"1010":0,"1011":0,"1012":0,"1014":0,"1015":0,"1018":0,"1032":0,"1033":0,"1034":0,"1049":0,"1050":0,"1072":0,"1073":0,"1074":0,"1075":0,"1077":0,"1079":1,"1080":0,"1083":0,"1084":0,"1085":0,"1086":0,"1087":0,"1088":0,"1090":0,"1091":0,"1092":0,"1094":0,"1095":0,"1096":0,"1097":0,"1099":0,"1102":0,"1103":0,"1104":0,"1105":0,"1106":0,"1107":0,"1110":0,"1112":0,"1113":0,"1114":0,"1115":0,"1116":0,"1117":0,"1121":0,"1154":1,"1155":0,"1173":0,"1174":0,"1192":0,"1193":0,"1209":0,"1210":0,"1225":0,"1226":0,"1229":0,"1230":0,"1231":0,"1234":0,"1236":0,"1239":0,"1240":0,"1253":0,"1254":0,"1255":0,"1257":1,"1258":1,"1259":0,"1260":0,"1265":1,"1267":1,"1268":0,"1269":0,"1270":0,"1271":0,"1274":1,"1277":1,"1278":0,"1279":0,"1280":0,"1281":0,"1282":0,"1283":0,"1284":0,"1289":1,"1290":0,"1291":0,"1292":0,"1293":0,"1294":0,"1296":0,"1300":0,"1301":0,"1302":0,"1303":0,"1304":0,"1305":0,"1306":0,"1307":0,"1310":0,"1323":1,"1324":0,"1326":0,"1332":1,"1333":1,"1335":0,"1341":0,"1346":0,"1347":0,"1351":0,"1352":0,"1353":0,"1358":0,"1359":0,"1360":0,"1366":0,"1367":0,"1368":0,"1370":0,"1371":0,"1390":1,"1391":0,"1397":1,"1398":0,"1404":0,"1405":0,"1406":0,"1407":0,"1421":0,"1422":0,"1423":0,"1424":0,"1438":0,"1439":0,"1440":0,"1441":0,"1459":0,"1460":0,"1461":0,"1462":0,"1463":0,"1464":0,"1479":0,"1480":0,"1495":0,"1496":0,"1497":0,"1499":0,"1500":0,"1501":0,"1504":0,"1614":0,"1615":0,"1616":0,"1618":0,"1619":0,"1620":0,"1621":0,"1623":0,"1627":1,"1628":0,"1629":0,"1630":0,"1631":0,"1636":0,"1637":0,"1640":0,"1641":0,"1642":0,"1643":0,"1645":0,"1646":0,"1648":0,"1651":0,"1652":0,"1653":0,"1654":0,"1655":0,"1656":0,"1657":0,"1658":0,"1659":0,"1660":0,"1661":0,"1663":1,"1664":0,"1665":0,"1667":0,"1668":0,"1669":0,"1672":1,"1673":0,"1674":0,"1675":0,"1677":0,"1678":0,"1679":0,"1680":0,"1681":0,"1685":1,"1686":0,"1687":0,"1688":0,"1694":1,"1695":0,"1696":0,"1697":0,"1698":0,"1699":0,"1702":1,"1703":0,"1707":0,"1708":0,"1709":0,"1710":0,"1711":0,"1717":1,"1718":0,"1719":0,"1720":0,"1721":0,"1722":0,"1729":1,"1730":1,"1731":1,"1732":0,"1733":0,"1735":0,"1736":0,"1739":1,"1741":0,"1756":1,"1757":0,"1760":0,"1762":0,"1765":0,"1767":0,"1768":0,"1769":0,"1770":0,"1771":0,"1774":0,"1777":0,"1778":0,"1779":0,"1781":0,"1784":0,"1785":0,"1786":0,"1787":0,"1789":0,"1792":0,"1793":0,"1794":0,"1795":0,"1796":0,"1797":0,"1798":0,"1799":0,"1800":0,"1801":0,"1802":0,"1803":0,"1805":0,"1810":0,"1814":0,"1815":0,"1833":0,"1834":1,"1835":0,"1838":1,"1839":0,"1840":0,"1844":1,"1845":0,"1846":0,"1881":0,"1882":0,"1883":0,"1884":0,"1918":0,"1919":0,"1920":0,"1921":0,"1923":0,"1924":0,"1925":0,"1929":1,"1930":0,"1931":0,"1932":0,"1974":0,"1975":0,"1976":0,"1978":0,"1979":0,"1981":0,"1983":0,"1984":0,"1985":0,"1987":0,"1988":0,"1994":0,"1996":0,"1997":0,"1998":0,"2000":0,"2001":0,"2008":0,"2010":0,"2011":0,"2014":0,"2065":0,"2066":0,"2067":0,"2082":0,"2083":0,"2084":1,"2086":0,"2088":1,"2089":0,"2090":0,"2091":0,"2092":0,"2096":1,"2097":0,"2098":0,"2099":0,"2103":1,"2104":0,"2106":0,"2107":0,"2108":0,"2110":0,"2112":0,"2113":0,"2116":0,"2119":1,"2120":0,"2121":0,"2124":0,"2126":0,"2154":0,"2158":0,"2162":0,"2163":0,"2164":0,"2166":0,"2168":0,"2169":0,"2173":0,"2176":0,"2177":0,"2180":0,"2181":0,"2182":0,"2211":0,"2213":0,"2214":0,"2215":0,"2218":0,"2220":0,"2221":0,"2223":0,"2224":0,"2228":0,"2229":0,"2232":0,"2234":0,"2235":0,"2238":0,"2239":0,"2241":0,"2247":0,"2270":0,"2271":1,"2273":0,"2276":0,"2282":0,"2285":0,"2286":0,"2291":0,"2292":0,"2294":0,"2299":0,"2301":0,"2302":0,"2303":0,"2306":0,"2307":0,"2312":0,"2317":0,"2318":0,"2319":0,"2321":0,"2326":0,"2327":0,"2336":0,"2338":0,"2339":0,"2340":0,"2341":0,"2343":0,"2348":0,"2353":0,"2354":0,"2355":0,"2361":1,"2362":0,"2365":1,"2366":0,"2368":0,"2372":0,"2373":0,"2374":0,"2376":0,"2378":0,"2379":0,"2380":0,"2381":0,"2383":0,"2384":0,"2385":0,"2386":0,"2388":0,"2390":0,"2391":0,"2393":0,"2395":0,"2396":0,"2398":0,"2401":1,"2402":0,"2403":0,"2405":0,"2408":1,"2409":0,"2410":0,"2411":0,"2415":1,"2417":0,"2420":0,"2423":0,"2424":0,"2425":0,"2428":0,"2434":0,"2435":0,"2438":0,"2439":0,"2441":0,"2444":0,"2445":0,"2446":0,"2447":0,"2453":0,"2455":0,"2459":1,"2460":0,"2464":1,"2465":0,"2469":0,"2470":0,"2471":0,"2476":0,"2477":0,"2478":0,"2481":0,"2482":0,"2483":0,"2486":0,"2487":0,"2490":0,"2495":0,"2501":0,"2595":0,"2596":1,"2598":0,"2599":0,"2601":0,"2602":0,"2604":0,"2605":0,"2607":0,"2608":0,"2930":0,"2931":1,"2933":0,"2934":0,"2935":0,"2936":0,"2963":0,"2964":0,"2965":1,"2967":0,"2969":0,"2970":0,"2971":0,"2972":0,"2976":1,"3009":0,"3011":0,"3012":0,"3013":0,"3016":0,"3017":0,"3021":0,"3022":0,"3023":0,"3025":0,"3027":0,"3028":0,"3029":0,"3030":0,"3032":0,"3033":0,"3035":0,"3037":0,"3039":0,"3042":0,"3044":0,"3103":0,"3104":0,"3175":0,"3176":0,"3219":0,"3220":0,"3221":0,"3225":0,"3226":0,"3229":0,"3231":0,"3232":0,"3233":0,"3235":0,"3236":0,"3241":0,"3242":0,"3243":0,"3244":0,"3246":0,"3247":0,"3248":0,"3251":0,"3252":0,"3253":0,"3255":0,"3256":0,"3258":0,"3261":0,"3263":0,"3264":0,"3265":0,"3266":0,"3267":0,"3269":0,"3270":0,"3271":0,"3274":0,"3275":0,"3276":0,"3279":0,"3280":0,"3281":0,"3282":0,"3291":0,"3292":0,"3293":0,"3294":0,"3295":0,"3296":0,"3297":0,"3300":0,"3302":0,"3303":0,"3307":0,"3310":0,"3313":0,"3341":0,"3342":0,"3344":0,"3345":0,"3356":0,"3358":0,"3359":0,"3360":0,"3367":0,"3368":0,"3370":0,"3371":0,"3372":0,"3376":0,"3377":0,"3378":0,"3379":0,"3381":0,"3385":0,"3386":0,"3387":0,"3388":0,"3389":0,"3394":0,"3395":0,"3396":0,"3400":0,"3401":0,"3402":0,"3403":0,"3404":0,"3406":0,"3407":0,"3412":0,"3427":0,"3429":0,"3431":0,"3435":0,"3437":0,"3438":0,"3439":0,"3442":0,"3461":0,"3463":0,"3464":0,"3467":0,"3470":0,"3471":0,"3508":0,"3509":0,"3510":0,"3512":0,"3513":0,"3515":0,"3516":0,"3517":0,"3572":0,"3573":0,"3574":0,"3575":0,"3576":0,"3578":0,"3581":0,"3582":0,"3583":0,"3584":0,"3586":0,"3587":0,"3588":0,"3589":0,"3590":0,"3594":0,"3595":0,"3596":0,"3628":0,"3629":0,"3636":0,"3638":0,"3639":0,"3641":0,"3643":0,"3644":0,"3646":0,"3664":0,"3665":0,"3666":0,"3667":0,"3670":1,"3675":0,"3676":0,"3682":0,"3683":0,"3684":0,"3686":0,"3688":1,"3689":0,"3692":0,"3693":0,"3694":0,"3695":0,"3698":0,"3700":0,"3701":0,"3702":0,"3704":0,"3707":0,"3708":0,"3709":0,"3710":0,"3714":0,"3715":0,"3720":0,"3721":0,"3725":0,"3728":1,"3730":1,"3732":1,"3733":0,"3735":0,"3736":0,"3737":0,"3738":0,"3747":0,"3749":0,"3754":0,"3755":0,"3761":0,"3762":0,"3767":0,"3768":1,"3770":0,"3781":0,"3782":1,"3783":0,"3796":0,"3799":0,"3801":0,"3802":0,"3804":0,"3810":0,"3819":1,"3821":0,"3832":0,"3833":0,"3850":0,"3851":0,"3852":0,"3855":0,"3856":0,"3857":0,"3863":0,"3997":0,"3998":1,"4000":1,"4001":0,"4002":0,"4004":0,"4005":0,"4007":0,"4012":0,"4018":1,"4019":0,"4020":0,"4021":0,"4022":0,"4026":0,"4027":0,"4029":0,"4030":0,"4032":0,"4036":0,"4037":0,"4039":0,"4045":0,"4046":0,"4048":0,"4049":0,"4050":0,"4054":0,"4057":0,"4063":0,"4064":0,"4070":0,"4071":0,"4074":0,"4076":1,"4077":0,"4078":0,"4079":0,"4082":0,"4083":0,"4084":0,"4087":0,"4088":0,"4089":0,"4090":0,"4091":0,"4094":0,"4095":0,"4099":1,"4100":0,"4104":0,"4105":0,"4106":0,"4120":0,"4122":0,"4123":0,"4124":0,"4130":0,"4131":0,"4132":0,"4133":0,"4134":0,"4137":0,"4138":0,"4141":0,"4144":0,"4145":0,"4157":0,"4158":0,"4164":0,"4167":0,"4168":1,"4169":0,"4173":0,"4174":0,"4175":0,"4178":0,"4181":0,"4182":0,"4186":0,"4187":0,"4188":0,"4189":0,"4192":0,"4193":0,"4195":0,"4196":0,"4198":0,"4200":0,"4201":0,"4202":0,"4203":0,"4204":0,"4205":0,"4206":0,"4208":0,"4209":0,"4210":0,"4213":0,"4223":1,"4224":0,"4225":0,"4226":0,"4229":0,"4230":0,"4232":1,"4233":0,"4234":0,"4235":0,"4236":0,"4237":0,"4240":1,"4241":0,"4243":0,"4244":0,"4248":1,"4250":0,"4251":0,"4253":0,"4260":1,"4261":0,"4262":0,"4264":0,"4266":0,"4267":0,"4269":0,"4272":0,"4274":0,"4275":0,"4281":1,"4282":0,"4347":0,"4348":1,"4349":0,"4353":0,"4354":0,"4355":0,"4356":0,"4357":0,"4358":0,"4360":0,"4362":0,"4363":0,"4364":0,"4366":0,"4367":0,"4368":0,"4371":0,"4372":0,"4373":0,"4375":0,"4377":0,"4378":0,"4379":0,"4380":0,"4381":0,"4403":0,"4404":1,"4405":0,"4409":0,"4410":0,"4411":0,"4412":0,"4413":0,"4414":0,"4415":0,"4417":1,"4418":0,"4419":0,"4421":0,"4422":0,"4423":0,"4426":0,"4427":0,"4429":0,"4430":0,"4431":0,"4432":0,"4433":0,"4532":0,"4533":1,"4534":0,"4537":0,"4542":0,"4544":0,"4545":0,"4550":0,"4551":0,"4552":0,"4553":0,"4554":0,"4555":0,"4561":0,"4564":0,"4565":0,"4567":0,"4568":0,"4569":0,"4572":0,"4574":1,"4575":0,"4576":0,"4578":0,"4584":0,"4585":0,"4587":0,"4588":0,"4589":0,"4598":1,"4599":0,"4600":0,"4602":0,"4603":0,"4605":0,"4606":0,"4607":0,"4609":0,"4613":1,"4614":0,"4615":0,"4616":0,"4618":0,"4621":0,"4622":0,"4624":0,"4629":1,"4630":1,"4631":1,"4632":1,"4634":0,"4639":0,"4654":0,"4655":1,"4656":0,"4657":0,"4659":0,"4660":0,"4672":0,"4673":1,"4674":0,"4675":0,"4677":0,"4678":0,"4681":0}}}